Using pre-set license
Built from '2021.3/staging' branch; Version is '2021.3.8f1 (b30333d56e81) revision 11731763'; Using compiler version '192829333'; Build Type 'Release'
OS: 'Windows 10  (10.0.19044) 64bit Core' Language: 'en' Physical Memory: 16314 MB
BatchMode: 1, IsHumanControllingUs: 0, StartBugReporterOnCrash: 0, Is64bit: 1, IsPro: 1

COMMAND LINE ARGUMENTS:
C:\Program Files\Unity\Hub\Editor\2021.3.8f1\Editor\Unity.exe
-adb2
-batchMode
-noUpm
-name
AssetImportWorker0
-projectPath
D:/SchoolWork/Programs/Idaho Ford and the 2D Crusade
-logFile
Logs/AssetImportWorker0.log
-srvPort
62015
Successfully changed project path to: D:/SchoolWork/Programs/Idaho Ford and the 2D Crusade
D:/SchoolWork/Programs/Idaho Ford and the 2D Crusade
[UnityMemory] Configuration Parameters - Can be set up in boot.config
    "memorysetup-bucket-allocator-granularity=16"
    "memorysetup-bucket-allocator-bucket-count=8"
    "memorysetup-bucket-allocator-block-size=33554432"
    "memorysetup-bucket-allocator-block-count=8"
    "memorysetup-main-allocator-block-size=16777216"
    "memorysetup-thread-allocator-block-size=16777216"
    "memorysetup-gfx-main-allocator-block-size=16777216"
    "memorysetup-gfx-thread-allocator-block-size=16777216"
    "memorysetup-cache-allocator-block-size=4194304"
    "memorysetup-typetree-allocator-block-size=2097152"
    "memorysetup-profiler-bucket-allocator-granularity=16"
    "memorysetup-profiler-bucket-allocator-bucket-count=8"
    "memorysetup-profiler-bucket-allocator-block-size=33554432"
    "memorysetup-profiler-bucket-allocator-block-count=8"
    "memorysetup-profiler-allocator-block-size=16777216"
    "memorysetup-profiler-editor-allocator-block-size=1048576"
    "memorysetup-temp-allocator-size-main=16777216"
    "memorysetup-job-temp-allocator-block-size=2097152"
    "memorysetup-job-temp-allocator-block-size-background=1048576"
    "memorysetup-job-temp-allocator-reduction-small-platforms=262144"
    "memorysetup-temp-allocator-size-background-worker=32768"
    "memorysetup-temp-allocator-size-job-worker=262144"
    "memorysetup-temp-allocator-size-preload-manager=33554432"
    "memorysetup-temp-allocator-size-nav-mesh-worker=65536"
    "memorysetup-temp-allocator-size-audio-worker=65536"
    "memorysetup-temp-allocator-size-cloud-worker=32768"
    "memorysetup-temp-allocator-size-gi-baking-worker=262144"
    "memorysetup-temp-allocator-size-gfx=262144"
Refreshing native plugins compatible for Editor in 87.20 ms, found 4 plugins.
Preloading 0 native plugins for Editor in 0.00 ms.
Initialize engine version: 2021.3.8f1 (b30333d56e81)
[Subsystems] Discovering subsystems at path C:/Program Files/Unity/Hub/Editor/2021.3.8f1/Editor/Data/Resources/UnitySubsystems
[Subsystems] Discovering subsystems at path D:/SchoolWork/Programs/Idaho Ford and the 2D Crusade/Assets
GfxDevice: creating device client; threaded=0; jobified=0
Direct3D:
    Version:  Direct3D 11.0 [level 11.1]
    Renderer: NVIDIA GeForce RTX 2060 SUPER (ID=0x1f06)
    Vendor:   NVIDIA
    VRAM:     8031 MB
    Driver:   31.0.15.1740
Initialize mono
Mono path[0] = 'C:/Program Files/Unity/Hub/Editor/2021.3.8f1/Editor/Data/Managed'
Mono path[1] = 'C:/Program Files/Unity/Hub/Editor/2021.3.8f1/Editor/Data/MonoBleedingEdge/lib/mono/unityjit-win32'
Mono config path = 'C:/Program Files/Unity/Hub/Editor/2021.3.8f1/Editor/Data/MonoBleedingEdge/etc'
Using monoOptions --debugger-agent=transport=dt_socket,embedding=1,server=y,suspend=n,address=127.0.0.1:56948
Begin MonoManager ReloadAssembly
Registering precompiled unity dll's ...
Register platform support module: C:/Program Files/Unity/Hub/Editor/2021.3.8f1/Editor/Data/PlaybackEngines/WebGLSupport/UnityEditor.WebGL.Extensions.dll
Register platform support module: C:/Program Files/Unity/Hub/Editor/2021.3.8f1/Editor/Data/PlaybackEngines/WindowsStandaloneSupport/UnityEditor.WindowsStandalone.Extensions.dll
Registered in 0.009673 seconds.
Native extension for WindowsStandalone target not found
Native extension for WebGL target not found
Refreshing native plugins compatible for Editor in 97.55 ms, found 4 plugins.
Preloading 0 native plugins for Editor in 0.00 ms.
Mono: successfully reloaded assembly
- Completed reload, in  0.684 seconds
Domain Reload Profiling:
	ReloadAssembly (684ms)
		BeginReloadAssembly (80ms)
			ExecutionOrderSort (0ms)
			DisableScriptedObjects (0ms)
			BackupInstance (0ms)
			ReleaseScriptingObjects (0ms)
			CreateAndSetChildDomain (1ms)
		EndReloadAssembly (495ms)
			LoadAssemblies (77ms)
			RebuildTransferFunctionScriptingTraits (0ms)
			SetupTypeCache (120ms)
			ReleaseScriptCaches (0ms)
			RebuildScriptCaches (25ms)
			SetupLoadedEditorAssemblies (298ms)
				LogAssemblyErrors (0ms)
				InitializePlatformSupportModulesInManaged (9ms)
				SetLoadedEditorAssemblies (0ms)
				RefreshPlugins (98ms)
				BeforeProcessingInitializeOnLoad (1ms)
				ProcessInitializeOnLoadAttributes (142ms)
				ProcessInitializeOnLoadMethodAttributes (49ms)
				AfterProcessingInitializeOnLoad (0ms)
				EditorAssembliesLoaded (0ms)
			ExecutionOrderSort2 (0ms)
			AwakeInstancesAfterBackupRestoration (0ms)
Platform modules already initialized, skipping
Registering precompiled user dll's ...
Registered in 0.005161 seconds.
Begin MonoManager ReloadAssembly
Symbol file LoadedFromMemory doesn't match image D:\SchoolWork\Programs\Idaho Ford and the 2D Crusade\Library\PackageCache\com.unity.visualscripting@1.7.8\Editor\VisualScripting.Core\Dependencies\YamlDotNet\Unity.VisualScripting.YamlDotNet.dll
Symbol file LoadedFromMemory doesn't match image D:\SchoolWork\Programs\Idaho Ford and the 2D Crusade\Library\PackageCache\com.unity.visualscripting@1.7.8\Editor\VisualScripting.Core\Dependencies\DotNetZip\Unity.VisualScripting.IonicZip.dll
Native extension for WindowsStandalone target not found
Native extension for WebGL target not found
Refreshing native plugins compatible for Editor in 87.93 ms, found 4 plugins.
Preloading 0 native plugins for Editor in 0.00 ms.
Mono: successfully reloaded assembly
- Completed reload, in  1.125 seconds
Domain Reload Profiling:
	ReloadAssembly (1125ms)
		BeginReloadAssembly (117ms)
			ExecutionOrderSort (0ms)
			DisableScriptedObjects (6ms)
			BackupInstance (0ms)
			ReleaseScriptingObjects (0ms)
			CreateAndSetChildDomain (18ms)
		EndReloadAssembly (896ms)
			LoadAssemblies (87ms)
			RebuildTransferFunctionScriptingTraits (0ms)
			SetupTypeCache (240ms)
			ReleaseScriptCaches (1ms)
			RebuildScriptCaches (57ms)
			SetupLoadedEditorAssemblies (468ms)
				LogAssemblyErrors (0ms)
				InitializePlatformSupportModulesInManaged (6ms)
				SetLoadedEditorAssemblies (0ms)
				RefreshPlugins (88ms)
				BeforeProcessingInitializeOnLoad (90ms)
				ProcessInitializeOnLoadAttributes (233ms)
				ProcessInitializeOnLoadMethodAttributes (41ms)
				AfterProcessingInitializeOnLoad (10ms)
				EditorAssembliesLoaded (0ms)
			ExecutionOrderSort2 (0ms)
			AwakeInstancesAfterBackupRestoration (7ms)
Platform modules already initialized, skipping
========================================================================
Worker process is ready to serve import requests
Launched and connected shader compiler UnityShaderCompiler.exe after 0.06 seconds
Refreshing native plugins compatible for Editor in 1.02 ms, found 4 plugins.
Preloading 0 native plugins for Editor in 0.00 ms.
Unloading 4070 Unused Serialized files (Serialized files now loaded: 0)
Unloading 44 unused Assets / (222.8 KB). Loaded Objects now: 4522.
Memory consumption went from 151.6 MB to 151.4 MB.
Total: 3.126900 ms (FindLiveObjects: 0.350300 ms CreateObjectMapping: 0.292200 ms MarkObjects: 2.295700 ms  DeleteObjects: 0.187700 ms)

AssetImportParameters requested are different than current active one (requested -> active):
  custom:video-decoder-ogg-theora: a1e56fd34408186e4bbccfd4996cb3dc -> 
  custom:container-muxer-webm: aa71ff27fc2769a1b78a27578f13a17b -> 
  custom:container-demuxer-webm: 4f35f7cbe854078d1ac9338744f61a02 -> 
  custom:video-encoder-webm-vp8: eb34c28f22e8b96e1ab97ce403110664 -> 
  custom:audio-encoder-webm-vorbis: bf7c407c2cedff20999df2af8eb42d56 -> 
  custom:framework-win-MediaFoundation: 216162199b28c13a410421893ffa2e32 -> 
  custom:container-demuxer-ogg: 62fdf1f143b41e24485cea50d1cbac27 -> 
  custom:video-decoder-webm-vp8: 9c59270c3fd7afecdb556c50c9e8de78 -> 
  custom:audio-decoder-ogg-vorbis: bf7c407c2cedff20999df2af8eb42d56 -> 
========================================================================
Received Import Request.
  Time since last request: 430860.076840 seconds.
  path: Assets/Effects/Warped Shooting Fx/Pixel Art/Hits/Hit-5/hits-5-4.png
  artifactKey: Guid(9800673e301ae4c3b97fdded7cebb172) Importer(815301076,1909f56bfc062723c751e8b465ee728b)
Start importing Assets/Effects/Warped Shooting Fx/Pixel Art/Hits/Hit-5/hits-5-4.png using Guid(9800673e301ae4c3b97fdded7cebb172) Importer(815301076,1909f56bfc062723c751e8b465ee728b)  -> (artifact id: 'b5a697668a3f688138bbd76520e6ca12') in 0.200581 seconds 
========================================================================
Received Import Request.
  Time since last request: 0.000024 seconds.
  path: Assets/Effects/Warped Shooting Fx/Pixel Art/Hits/Hit-2/hits-2-6.png
  artifactKey: Guid(d9b8cd64d65c64ca88939384ea5e4f62) Importer(815301076,1909f56bfc062723c751e8b465ee728b)
Start importing Assets/Effects/Warped Shooting Fx/Pixel Art/Hits/Hit-2/hits-2-6.png using Guid(d9b8cd64d65c64ca88939384ea5e4f62) Importer(815301076,1909f56bfc062723c751e8b465ee728b)  -> (artifact id: 'e99dbfbd730f0f2a5d32a5a6dc933057') in 0.041555 seconds 
========================================================================
Received Import Request.
  Time since last request: 0.000028 seconds.
  path: Assets/Sprites/Packs/Enemy Galore 1 - Pixel Art/Sprites/Golem/Golem_Reset.png
  artifactKey: Guid(5255408032fdfcd4cb095ccab7ec1369) Importer(815301076,1909f56bfc062723c751e8b465ee728b)
Start importing Assets/Sprites/Packs/Enemy Galore 1 - Pixel Art/Sprites/Golem/Golem_Reset.png using Guid(5255408032fdfcd4cb095ccab7ec1369) Importer(815301076,1909f56bfc062723c751e8b465ee728b)  -> (artifact id: 'a4e3beef76019ec9a72882455c2d6261') in 0.136629 seconds 
========================================================================
Received Import Request.
  Time since last request: 0.000015 seconds.
  path: Assets/Effects/Warped Shooting Fx/Pixel Art/Hits/Hit-1/hits-1-4.png
  artifactKey: Guid(58c105e79a5b44d279cf9ae9de4fc4ff) Importer(815301076,1909f56bfc062723c751e8b465ee728b)
Start importing Assets/Effects/Warped Shooting Fx/Pixel Art/Hits/Hit-1/hits-1-4.png using Guid(58c105e79a5b44d279cf9ae9de4fc4ff) Importer(815301076,1909f56bfc062723c751e8b465ee728b)  -> (artifact id: '6b621868cba6d0480d667bd04a872bcf') in 0.113676 seconds 
========================================================================
Received Import Request.
  Time since last request: 0.000020 seconds.
  path: Assets/Effects/Warped Shooting Fx/Pixel Art/Hits/Hit-5/hits-5-2.png
  artifactKey: Guid(cfae240c2be114e3c8d2c78724b93f57) Importer(815301076,1909f56bfc062723c751e8b465ee728b)
Start importing Assets/Effects/Warped Shooting Fx/Pixel Art/Hits/Hit-5/hits-5-2.png using Guid(cfae240c2be114e3c8d2c78724b93f57) Importer(815301076,1909f56bfc062723c751e8b465ee728b)  -> (artifact id: '20904d2c5d7a304d039c0415e1e14098') in 0.134864 seconds 
========================================================================
Received Import Request.
  Time since last request: 0.000025 seconds.
  path: Assets/Effects/Warped Shooting Fx/Pixel Art/Hits/Hit-5/hits-5-6.png
  artifactKey: Guid(19cfa9baac6934475bac9a34a71dc532) Importer(815301076,1909f56bfc062723c751e8b465ee728b)
Start importing Assets/Effects/Warped Shooting Fx/Pixel Art/Hits/Hit-5/hits-5-6.png using Guid(19cfa9baac6934475bac9a34a71dc532) Importer(815301076,1909f56bfc062723c751e8b465ee728b)  -> (artifact id: 'a4ef79ce75a38947dfc5e6c473b0a1ae') in 0.124779 seconds 
========================================================================
Received Import Request.
  Time since last request: 0.000015 seconds.
  path: Assets/Effects/Warped Shooting Fx/Pixel Art/Hits/Hit-3/hits-3-4.png
  artifactKey: Guid(3d27a716099be466d8ad3ae42278f222) Importer(815301076,1909f56bfc062723c751e8b465ee728b)
Start importing Assets/Effects/Warped Shooting Fx/Pixel Art/Hits/Hit-3/hits-3-4.png using Guid(3d27a716099be466d8ad3ae42278f222) Importer(815301076,1909f56bfc062723c751e8b465ee728b)  -> (artifact id: 'c63d6bb524dad1c4c5e19842d3703ef1') in 0.021243 seconds 
========================================================================
Received Import Request.
  Time since last request: 0.000017 seconds.
  path: Assets/Effects/Warped Shooting Fx/Pixel Art/Hits/Hit-2/hits-2-5.png
  artifactKey: Guid(a7432d62b8b8749f9828cc9ab98283e0) Importer(815301076,1909f56bfc062723c751e8b465ee728b)
Start importing Assets/Effects/Warped Shooting Fx/Pixel Art/Hits/Hit-2/hits-2-5.png using Guid(a7432d62b8b8749f9828cc9ab98283e0) Importer(815301076,1909f56bfc062723c751e8b465ee728b)  -> (artifact id: '59679896c4fe816ce85e13cb286c2d7f') in 0.080145 seconds 
========================================================================
Received Import Request.
  Time since last request: 0.000017 seconds.
  path: Assets/Effects/Warped Shooting Fx/Pixel Art/Pulse/pulse1.png
  artifactKey: Guid(5334a60396bca40f19ac9d531fab2621) Importer(815301076,1909f56bfc062723c751e8b465ee728b)
Start importing Assets/Effects/Warped Shooting Fx/Pixel Art/Pulse/pulse1.png using Guid(5334a60396bca40f19ac9d531fab2621) Importer(815301076,1909f56bfc062723c751e8b465ee728b)  -> (artifact id: '2015f51ce14388bfc580a716240a7e3c') in 0.021913 seconds 
========================================================================
Received Import Request.
  Time since last request: 0.000026 seconds.
  path: Assets/Effects/Warped Shooting Fx/Pixel Art/Hits/Hit-2/hits-2-2.png
  artifactKey: Guid(d5e3988cacb5346db8efe0d6f8745731) Importer(815301076,1909f56bfc062723c751e8b465ee728b)
Start importing Assets/Effects/Warped Shooting Fx/Pixel Art/Hits/Hit-2/hits-2-2.png using Guid(d5e3988cacb5346db8efe0d6f8745731) Importer(815301076,1909f56bfc062723c751e8b465ee728b)  -> (artifact id: 'be8b1eb6fe0f6a5237dcffe8eb6c9ecf') in 0.062779 seconds 
========================================================================
Received Import Request.
  Time since last request: 0.000015 seconds.
  path: Assets/Effects/Warped Shooting Fx/Pixel Art/Hits/Hit-4/hits-4-1.png
  artifactKey: Guid(37eeac19a5b214f04a1e2d7e4de4891c) Importer(815301076,1909f56bfc062723c751e8b465ee728b)
Start importing Assets/Effects/Warped Shooting Fx/Pixel Art/Hits/Hit-4/hits-4-1.png using Guid(37eeac19a5b214f04a1e2d7e4de4891c) Importer(815301076,1909f56bfc062723c751e8b465ee728b)  -> (artifact id: '3557eb72b8f802c3be5781e678c4977d') in 0.186003 seconds 
========================================================================
Received Import Request.
  Time since last request: 0.000029 seconds.
  path: Assets/Sprites/Packs/Enemy Galore 1 - Pixel Art/Sprites/Rat/Rat_Hit.png
  artifactKey: Guid(248ce9d57dcc13a419fe64dcfa5ab45a) Importer(815301076,1909f56bfc062723c751e8b465ee728b)
Start importing Assets/Sprites/Packs/Enemy Galore 1 - Pixel Art/Sprites/Rat/Rat_Hit.png using Guid(248ce9d57dcc13a419fe64dcfa5ab45a) Importer(815301076,1909f56bfc062723c751e8b465ee728b)  -> (artifact id: '34c9507cf3ff8e33d49a77431647a1d8') in 0.056796 seconds 
========================================================================
Received Import Request.
  Time since last request: 0.000022 seconds.
  path: Assets/Effects/Warped Shooting Fx/Pixel Art/Hits/Hit-1/hits-1-5.png
  artifactKey: Guid(99e36729618df468b8a418b22c04d92d) Importer(815301076,1909f56bfc062723c751e8b465ee728b)
Start importing Assets/Effects/Warped Shooting Fx/Pixel Art/Hits/Hit-1/hits-1-5.png using Guid(99e36729618df468b8a418b22c04d92d) Importer(815301076,1909f56bfc062723c751e8b465ee728b)  -> (artifact id: '87b1286d6b7a1bbbaf9bf04344b1bd03') in 0.112321 seconds 
========================================================================
Received Import Request.
  Time since last request: 0.000014 seconds.
  path: Assets/Sprites/Packs/Enemy Galore 1 - Pixel Art/Sprites/Rat/Rat_Run.png
  artifactKey: Guid(2327dee1e20363b41a2488a631a0a941) Importer(815301076,1909f56bfc062723c751e8b465ee728b)
Start importing Assets/Sprites/Packs/Enemy Galore 1 - Pixel Art/Sprites/Rat/Rat_Run.png using Guid(2327dee1e20363b41a2488a631a0a941) Importer(815301076,1909f56bfc062723c751e8b465ee728b)  -> (artifact id: 'bd06e037155cd515e2930e7669fb7201') in 0.095249 seconds 
========================================================================
Received Import Request.
  Time since last request: 0.000019 seconds.
  path: Assets/Sprites/Packs/Enemy Galore 1 - Pixel Art/Sprites/Rat/Rat_Attack.png
  artifactKey: Guid(6bcc22196438ea542b9177f5fbaf5933) Importer(815301076,1909f56bfc062723c751e8b465ee728b)
Start importing Assets/Sprites/Packs/Enemy Galore 1 - Pixel Art/Sprites/Rat/Rat_Attack.png using Guid(6bcc22196438ea542b9177f5fbaf5933) Importer(815301076,1909f56bfc062723c751e8b465ee728b)  -> (artifact id: '0b74d07def2f7ecfdd0ec42ed050f09d') in 0.162943 seconds 
========================================================================
Received Import Request.
  Time since last request: 0.000026 seconds.
  path: Assets/Effects/Warped Shooting Fx/Pixel Art/Hits/Hit-5/hits-5-1.png
  artifactKey: Guid(28143ee9914fa4778aa01da09f698785) Importer(815301076,1909f56bfc062723c751e8b465ee728b)
Start importing Assets/Effects/Warped Shooting Fx/Pixel Art/Hits/Hit-5/hits-5-1.png using Guid(28143ee9914fa4778aa01da09f698785) Importer(815301076,1909f56bfc062723c751e8b465ee728b)  -> (artifact id: '19cbd44720a29df95b7a4b7a1d63234f') in 0.036042 seconds 
========================================================================
Received Import Request.
  Time since last request: 0.000017 seconds.
  path: Assets/Effects/Warped Shooting Fx/Pixel Art/Hits/Hit-4/hits-4-5.png
  artifactKey: Guid(96d9343b937724d6ba0040b24b3776de) Importer(815301076,1909f56bfc062723c751e8b465ee728b)
Start importing Assets/Effects/Warped Shooting Fx/Pixel Art/Hits/Hit-4/hits-4-5.png using Guid(96d9343b937724d6ba0040b24b3776de) Importer(815301076,1909f56bfc062723c751e8b465ee728b)  -> (artifact id: '76938bcf6ea87fc84bb3c8b44364072c') in 0.036045 seconds 
========================================================================
Received Import Request.
  Time since last request: 0.000016 seconds.
  path: Assets/Sprites/Packs/Enemy Galore 1 - Pixel Art/Sprites/Pebble/Pebble_Full.png
  artifactKey: Guid(3b7cf830c61f98a4292d1d257bab26a8) Importer(815301076,1909f56bfc062723c751e8b465ee728b)
Start importing Assets/Sprites/Packs/Enemy Galore 1 - Pixel Art/Sprites/Pebble/Pebble_Full.png using Guid(3b7cf830c61f98a4292d1d257bab26a8) Importer(815301076,1909f56bfc062723c751e8b465ee728b)  -> (artifact id: '25e3a6f656fcf0f53128dede93168fab') in 0.319956 seconds 
========================================================================
Received Import Request.
  Time since last request: 0.000017 seconds.
  path: Assets/Sprites/Packs/Enemy Galore 1 - Pixel Art/Sprites/Rat/Rat_Full.png
  artifactKey: Guid(7be043c3b72768345bd8bda8237aa21d) Importer(815301076,1909f56bfc062723c751e8b465ee728b)
Start importing Assets/Sprites/Packs/Enemy Galore 1 - Pixel Art/Sprites/Rat/Rat_Full.png using Guid(7be043c3b72768345bd8bda8237aa21d) Importer(815301076,1909f56bfc062723c751e8b465ee728b)  -> (artifact id: '3c9d1e3b5c4a96f5ef06e26a459d52ae') in 0.378308 seconds 
========================================================================
Received Import Request.
  Time since last request: 341.308465 seconds.
  path: Assets/Sprites/Packs/Enemy Galore 1 - Pixel Art/Sprites/Reinforced Golem/Golem_Armor_Full_FX.png
  artifactKey: Guid(17d4906971d6bda4e933ec3e391815ea) Importer(815301076,1909f56bfc062723c751e8b465ee728b)
Start importing Assets/Sprites/Packs/Enemy Galore 1 - Pixel Art/Sprites/Reinforced Golem/Golem_Armor_Full_FX.png using Guid(17d4906971d6bda4e933ec3e391815ea) Importer(815301076,1909f56bfc062723c751e8b465ee728b)  -> (artifact id: 'c45b73f50888b8c27aadfe3bd1d8d891') in 0.463549 seconds 
========================================================================
Received Import Request.
  Time since last request: 0.000020 seconds.
  path: Assets/Sprites/Packs/Enemy Galore 1 - Pixel Art/Sprites/Golem/Golem_HitA.png
  artifactKey: Guid(7dd2aa84cec85bf4a809b9f0a2a469e7) Importer(815301076,1909f56bfc062723c751e8b465ee728b)
Start importing Assets/Sprites/Packs/Enemy Galore 1 - Pixel Art/Sprites/Golem/Golem_HitA.png using Guid(7dd2aa84cec85bf4a809b9f0a2a469e7) Importer(815301076,1909f56bfc062723c751e8b465ee728b)  -> (artifact id: '80d49047fa2f4df4de8918bc1679b794') in 0.101236 seconds 
========================================================================
Received Import Request.
  Time since last request: 0.000025 seconds.
  path: Assets/Sprites/Packs/Enemy Galore 1 - Pixel Art/Sprites/Golem/Golem_Death_FX.png
  artifactKey: Guid(a9f85ec7f814acb46864be15df846eb4) Importer(815301076,1909f56bfc062723c751e8b465ee728b)
Start importing Assets/Sprites/Packs/Enemy Galore 1 - Pixel Art/Sprites/Golem/Golem_Death_FX.png using Guid(a9f85ec7f814acb46864be15df846eb4) Importer(815301076,1909f56bfc062723c751e8b465ee728b)  -> (artifact id: '0bfa324ccc4ca5ca08b720b4608d6aa5') in 0.088026 seconds 
========================================================================
Received Import Request.
  Time since last request: 0.000020 seconds.
  path: Assets/Sprites/Packs/Enemy Galore 1 - Pixel Art/Sprites/Golem/Golem_AttackC.png
  artifactKey: Guid(6698b0b849edea54cb05f5307dec4a0e) Importer(815301076,1909f56bfc062723c751e8b465ee728b)
Start importing Assets/Sprites/Packs/Enemy Galore 1 - Pixel Art/Sprites/Golem/Golem_AttackC.png using Guid(6698b0b849edea54cb05f5307dec4a0e) Importer(815301076,1909f56bfc062723c751e8b465ee728b)  -> (artifact id: '1d2a06db14f0cf845b8cc3052a7c2d4a') in 0.078047 seconds 
========================================================================
Received Import Request.
  Time since last request: 0.000019 seconds.
  path: Assets/Sprites/Packs/Enemy Galore 1 - Pixel Art/Sprites/Golem/Golem_AttackB.png
  artifactKey: Guid(25a3186823579f342b2398d96f6e55a6) Importer(815301076,1909f56bfc062723c751e8b465ee728b)
Start importing Assets/Sprites/Packs/Enemy Galore 1 - Pixel Art/Sprites/Golem/Golem_AttackB.png using Guid(25a3186823579f342b2398d96f6e55a6) Importer(815301076,1909f56bfc062723c751e8b465ee728b)  -> (artifact id: '91e453320f254dae6a7c7cad6d2cbb42') in 0.104189 seconds 
========================================================================
Received Import Request.
  Time since last request: 0.000021 seconds.
  path: Assets/Sprites/Packs/Enemy Galore 1 - Pixel Art/Sprites/Reinforced Golem/Golem_Armor_Run.png
  artifactKey: Guid(87040eabec4954c44bf7bb04dfd9b3be) Importer(815301076,1909f56bfc062723c751e8b465ee728b)
Start importing Assets/Sprites/Packs/Enemy Galore 1 - Pixel Art/Sprites/Reinforced Golem/Golem_Armor_Run.png using Guid(87040eabec4954c44bf7bb04dfd9b3be) Importer(815301076,1909f56bfc062723c751e8b465ee728b)  -> (artifact id: 'c2686d7b6f7237d8016d363c999258c6') in 0.089935 seconds 
========================================================================
Received Import Request.
  Time since last request: 0.000026 seconds.
  path: Assets/Sprites/Packs/Enemy Galore 1 - Pixel Art/Sprites/Golem/Golem_AttackC_FX.png
  artifactKey: Guid(0fce656a58beddd4d86173daba054182) Importer(815301076,1909f56bfc062723c751e8b465ee728b)
Start importing Assets/Sprites/Packs/Enemy Galore 1 - Pixel Art/Sprites/Golem/Golem_AttackC_FX.png using Guid(0fce656a58beddd4d86173daba054182) Importer(815301076,1909f56bfc062723c751e8b465ee728b)  -> (artifact id: 'e5507893e9ad96852973c3065066d167') in 0.072573 seconds 
========================================================================
Received Import Request.
  Time since last request: 0.000018 seconds.
  path: Assets/Sprites/Packs/Enemy Galore 1 - Pixel Art/Sprites/Reinforced Golem/Golem_Armor_Idle.png
  artifactKey: Guid(59a77fadbba25d14b813a011915c102b) Importer(815301076,1909f56bfc062723c751e8b465ee728b)
Start importing Assets/Sprites/Packs/Enemy Galore 1 - Pixel Art/Sprites/Reinforced Golem/Golem_Armor_Idle.png using Guid(59a77fadbba25d14b813a011915c102b) Importer(815301076,1909f56bfc062723c751e8b465ee728b)  -> (artifact id: 'ca9ca6a848e38c25e3ccbe2c6923a253') in 0.171993 seconds 
========================================================================
Received Import Request.
  Time since last request: 0.000019 seconds.
  path: Assets/Sprites/Packs/Enemy Galore 1 - Pixel Art/Sprites/Golem/Golem_Full.png
  artifactKey: Guid(74061816db95d48429e43602c667685d) Importer(815301076,1909f56bfc062723c751e8b465ee728b)
Start importing Assets/Sprites/Packs/Enemy Galore 1 - Pixel Art/Sprites/Golem/Golem_Full.png using Guid(74061816db95d48429e43602c667685d) Importer(815301076,1909f56bfc062723c751e8b465ee728b)  -> (artifact id: '9de6862539095e5b54436d61fc859366') in 0.276233 seconds 
========================================================================
Received Import Request.
  Time since last request: 31.936063 seconds.
  path: Assets/Effects/Pixel FX - Fire/Sprites/Fire_Meteors_Large_B_32x32.png
  artifactKey: Guid(d16be3a4a0e5b5844ad99789037ac134) Importer(815301076,1909f56bfc062723c751e8b465ee728b)
Start importing Assets/Effects/Pixel FX - Fire/Sprites/Fire_Meteors_Large_B_32x32.png using Guid(d16be3a4a0e5b5844ad99789037ac134) Importer(815301076,1909f56bfc062723c751e8b465ee728b)  -> (artifact id: '6ef0a571ad80b0c7f7ddf427d1f0b9c1') in 0.237026 seconds 
========================================================================
Received Import Request.
  Time since last request: 0.000023 seconds.
  path: Assets/Sprites/Packs/Enemy Galore 1 - Pixel Art/Sprites/Reinforced Golem/Golem_Armor_AttackB_FX.png
  artifactKey: Guid(20a2a38a7abdbd445b509f0019d80d55) Importer(815301076,1909f56bfc062723c751e8b465ee728b)
Start importing Assets/Sprites/Packs/Enemy Galore 1 - Pixel Art/Sprites/Reinforced Golem/Golem_Armor_AttackB_FX.png using Guid(20a2a38a7abdbd445b509f0019d80d55) Importer(815301076,1909f56bfc062723c751e8b465ee728b)  -> (artifact id: '98edda6cca0c028f40fa93c62e05a329') in 0.140720 seconds 
========================================================================
Received Import Request.
  Time since last request: 0.000025 seconds.
  path: Assets/Effects/Pixel FX - Fire/Sprites/Fire_Napalm_Spread_128x32.png
  artifactKey: Guid(c049ba42cf9c4254fb7c8b615fe09e30) Importer(815301076,1909f56bfc062723c751e8b465ee728b)
Start importing Assets/Effects/Pixel FX - Fire/Sprites/Fire_Napalm_Spread_128x32.png using Guid(c049ba42cf9c4254fb7c8b615fe09e30) Importer(815301076,1909f56bfc062723c751e8b465ee728b)  -> (artifact id: '44fee6dd393ad8e62a3cb472073a32fe') in 1.092600 seconds 
========================================================================
Received Import Request.
  Time since last request: 0.000022 seconds.
  path: Assets/Sprites/Packs/Enemy Galore 1 - Pixel Art/Sprites/Reinforced Golem/Golem_Armor_Full.png
  artifactKey: Guid(d117b16d50b7bd645ab2f86da4e1f0bd) Importer(815301076,1909f56bfc062723c751e8b465ee728b)
Start importing Assets/Sprites/Packs/Enemy Galore 1 - Pixel Art/Sprites/Reinforced Golem/Golem_Armor_Full.png using Guid(d117b16d50b7bd645ab2f86da4e1f0bd) Importer(815301076,1909f56bfc062723c751e8b465ee728b)  -> (artifact id: '56ada4aa16f368c5437f656b3abc9033') in 0.300254 seconds 
Editor requested this worker to shutdown with reason: Scaling down because of idle timeout
AssetImportWorker is now disconnected from the server
Process exiting
Exiting without the bug reporter. Application will terminate with return code 0