Using pre-set license
Built from '2021.3/staging' branch; Version is '2021.3.8f1 (b30333d56e81) revision 11731763'; Using compiler version '192829333'; Build Type 'Release'
OS: 'Windows 10  (10.0.19044) 64bit Core' Language: 'en' Physical Memory: 16314 MB
BatchMode: 1, IsHumanControllingUs: 0, StartBugReporterOnCrash: 0, Is64bit: 1, IsPro: 1

COMMAND LINE ARGUMENTS:
C:\Program Files\Unity\Hub\Editor\2021.3.8f1\Editor\Unity.exe
-adb2
-batchMode
-noUpm
-name
AssetImportWorker2
-projectPath
D:/SchoolWork/Programs/Idaho Ford and the 2D Crusade
-logFile
Logs/AssetImportWorker2.log
-srvPort
62015
Successfully changed project path to: D:/SchoolWork/Programs/Idaho Ford and the 2D Crusade
D:/SchoolWork/Programs/Idaho Ford and the 2D Crusade
[UnityMemory] Configuration Parameters - Can be set up in boot.config
    "memorysetup-bucket-allocator-granularity=16"
    "memorysetup-bucket-allocator-bucket-count=8"
    "memorysetup-bucket-allocator-block-size=33554432"
    "memorysetup-bucket-allocator-block-count=8"
    "memorysetup-main-allocator-block-size=16777216"
    "memorysetup-thread-allocator-block-size=16777216"
    "memorysetup-gfx-main-allocator-block-size=16777216"
    "memorysetup-gfx-thread-allocator-block-size=16777216"
    "memorysetup-cache-allocator-block-size=4194304"
    "memorysetup-typetree-allocator-block-size=2097152"
    "memorysetup-profiler-bucket-allocator-granularity=16"
    "memorysetup-profiler-bucket-allocator-bucket-count=8"
    "memorysetup-profiler-bucket-allocator-block-size=33554432"
    "memorysetup-profiler-bucket-allocator-block-count=8"
    "memorysetup-profiler-allocator-block-size=16777216"
    "memorysetup-profiler-editor-allocator-block-size=1048576"
    "memorysetup-temp-allocator-size-main=16777216"
    "memorysetup-job-temp-allocator-block-size=2097152"
    "memorysetup-job-temp-allocator-block-size-background=1048576"
    "memorysetup-job-temp-allocator-reduction-small-platforms=262144"
    "memorysetup-temp-allocator-size-background-worker=32768"
    "memorysetup-temp-allocator-size-job-worker=262144"
    "memorysetup-temp-allocator-size-preload-manager=33554432"
    "memorysetup-temp-allocator-size-nav-mesh-worker=65536"
    "memorysetup-temp-allocator-size-audio-worker=65536"
    "memorysetup-temp-allocator-size-cloud-worker=32768"
    "memorysetup-temp-allocator-size-gi-baking-worker=262144"
    "memorysetup-temp-allocator-size-gfx=262144"
Refreshing native plugins compatible for Editor in 85.97 ms, found 4 plugins.
Preloading 0 native plugins for Editor in 0.00 ms.
Initialize engine version: 2021.3.8f1 (b30333d56e81)
[Subsystems] Discovering subsystems at path C:/Program Files/Unity/Hub/Editor/2021.3.8f1/Editor/Data/Resources/UnitySubsystems
[Subsystems] Discovering subsystems at path D:/SchoolWork/Programs/Idaho Ford and the 2D Crusade/Assets
GfxDevice: creating device client; threaded=0; jobified=0
Direct3D:
    Version:  Direct3D 11.0 [level 11.1]
    Renderer: NVIDIA GeForce RTX 2060 SUPER (ID=0x1f06)
    Vendor:   NVIDIA
    VRAM:     8031 MB
    Driver:   31.0.15.1740
Initialize mono
Mono path[0] = 'C:/Program Files/Unity/Hub/Editor/2021.3.8f1/Editor/Data/Managed'
Mono path[1] = 'C:/Program Files/Unity/Hub/Editor/2021.3.8f1/Editor/Data/MonoBleedingEdge/lib/mono/unityjit-win32'
Mono config path = 'C:/Program Files/Unity/Hub/Editor/2021.3.8f1/Editor/Data/MonoBleedingEdge/etc'
Using monoOptions --debugger-agent=transport=dt_socket,embedding=1,server=y,suspend=n,address=127.0.0.1:56060
Begin MonoManager ReloadAssembly
Registering precompiled unity dll's ...
Register platform support module: C:/Program Files/Unity/Hub/Editor/2021.3.8f1/Editor/Data/PlaybackEngines/WebGLSupport/UnityEditor.WebGL.Extensions.dll
Register platform support module: C:/Program Files/Unity/Hub/Editor/2021.3.8f1/Editor/Data/PlaybackEngines/WindowsStandaloneSupport/UnityEditor.WindowsStandalone.Extensions.dll
Registered in 0.010630 seconds.
Native extension for WindowsStandalone target not found
Native extension for WebGL target not found
Refreshing native plugins compatible for Editor in 86.06 ms, found 4 plugins.
Preloading 0 native plugins for Editor in 0.00 ms.
Mono: successfully reloaded assembly
- Completed reload, in  0.654 seconds
Domain Reload Profiling:
	ReloadAssembly (655ms)
		BeginReloadAssembly (75ms)
			ExecutionOrderSort (0ms)
			DisableScriptedObjects (0ms)
			BackupInstance (0ms)
			ReleaseScriptingObjects (0ms)
			CreateAndSetChildDomain (1ms)
		EndReloadAssembly (468ms)
			LoadAssemblies (72ms)
			RebuildTransferFunctionScriptingTraits (0ms)
			SetupTypeCache (112ms)
			ReleaseScriptCaches (0ms)
			RebuildScriptCaches (27ms)
			SetupLoadedEditorAssemblies (279ms)
				LogAssemblyErrors (0ms)
				InitializePlatformSupportModulesInManaged (10ms)
				SetLoadedEditorAssemblies (0ms)
				RefreshPlugins (86ms)
				BeforeProcessingInitializeOnLoad (1ms)
				ProcessInitializeOnLoadAttributes (135ms)
				ProcessInitializeOnLoadMethodAttributes (47ms)
				AfterProcessingInitializeOnLoad (0ms)
				EditorAssembliesLoaded (0ms)
			ExecutionOrderSort2 (0ms)
			AwakeInstancesAfterBackupRestoration (0ms)
Platform modules already initialized, skipping
Registering precompiled user dll's ...
Registered in 0.005447 seconds.
Begin MonoManager ReloadAssembly
Symbol file LoadedFromMemory doesn't match image D:\SchoolWork\Programs\Idaho Ford and the 2D Crusade\Library\PackageCache\com.unity.visualscripting@1.7.8\Editor\VisualScripting.Core\Dependencies\YamlDotNet\Unity.VisualScripting.YamlDotNet.dll
Symbol file LoadedFromMemory doesn't match image D:\SchoolWork\Programs\Idaho Ford and the 2D Crusade\Library\PackageCache\com.unity.visualscripting@1.7.8\Editor\VisualScripting.Core\Dependencies\DotNetZip\Unity.VisualScripting.IonicZip.dll
Native extension for WindowsStandalone target not found
Native extension for WebGL target not found
Refreshing native plugins compatible for Editor in 90.58 ms, found 4 plugins.
Preloading 0 native plugins for Editor in 0.00 ms.
Mono: successfully reloaded assembly
- Completed reload, in  1.140 seconds
Domain Reload Profiling:
	ReloadAssembly (1141ms)
		BeginReloadAssembly (115ms)
			ExecutionOrderSort (0ms)
			DisableScriptedObjects (5ms)
			BackupInstance (0ms)
			ReleaseScriptingObjects (0ms)
			CreateAndSetChildDomain (19ms)
		EndReloadAssembly (917ms)
			LoadAssemblies (94ms)
			RebuildTransferFunctionScriptingTraits (0ms)
			SetupTypeCache (258ms)
			ReleaseScriptCaches (1ms)
			RebuildScriptCaches (57ms)
			SetupLoadedEditorAssemblies (479ms)
				LogAssemblyErrors (0ms)
				InitializePlatformSupportModulesInManaged (6ms)
				SetLoadedEditorAssemblies (0ms)
				RefreshPlugins (91ms)
				BeforeProcessingInitializeOnLoad (92ms)
				ProcessInitializeOnLoadAttributes (242ms)
				ProcessInitializeOnLoadMethodAttributes (38ms)
				AfterProcessingInitializeOnLoad (9ms)
				EditorAssembliesLoaded (0ms)
			ExecutionOrderSort2 (0ms)
			AwakeInstancesAfterBackupRestoration (5ms)
Platform modules already initialized, skipping
========================================================================
Worker process is ready to serve import requests
Launched and connected shader compiler UnityShaderCompiler.exe after 0.14 seconds
Refreshing native plugins compatible for Editor in 0.72 ms, found 4 plugins.
Preloading 0 native plugins for Editor in 0.00 ms.
Unloading 4070 Unused Serialized files (Serialized files now loaded: 0)
Unloading 44 unused Assets / (222.8 KB). Loaded Objects now: 4522.
Memory consumption went from 151.6 MB to 151.4 MB.
Total: 3.038100 ms (FindLiveObjects: 0.317100 ms CreateObjectMapping: 0.294500 ms MarkObjects: 2.295800 ms  DeleteObjects: 0.130200 ms)

AssetImportParameters requested are different than current active one (requested -> active):
  custom:video-decoder-ogg-theora: a1e56fd34408186e4bbccfd4996cb3dc -> 
  custom:container-muxer-webm: aa71ff27fc2769a1b78a27578f13a17b -> 
  custom:container-demuxer-webm: 4f35f7cbe854078d1ac9338744f61a02 -> 
  custom:video-encoder-webm-vp8: eb34c28f22e8b96e1ab97ce403110664 -> 
  custom:audio-encoder-webm-vorbis: bf7c407c2cedff20999df2af8eb42d56 -> 
  custom:framework-win-MediaFoundation: 216162199b28c13a410421893ffa2e32 -> 
  custom:container-demuxer-ogg: 62fdf1f143b41e24485cea50d1cbac27 -> 
  custom:video-decoder-webm-vp8: 9c59270c3fd7afecdb556c50c9e8de78 -> 
  custom:audio-decoder-ogg-vorbis: bf7c407c2cedff20999df2af8eb42d56 -> 
========================================================================
Received Import Request.
  Time since last request: 430860.192311 seconds.
  path: Assets/Effects/Warped Shooting Fx/Pixel Art/Hits/Hit-4/hits-4-2.png
  artifactKey: Guid(0472674fab30c4376ace461facdf4a52) Importer(815301076,1909f56bfc062723c751e8b465ee728b)
Start importing Assets/Effects/Warped Shooting Fx/Pixel Art/Hits/Hit-4/hits-4-2.png using Guid(0472674fab30c4376ace461facdf4a52) Importer(815301076,1909f56bfc062723c751e8b465ee728b)  -> (artifact id: '929c6fe5c294cf4f1d67faae0e1cb730') in 0.176276 seconds 
========================================================================
Received Import Request.
  Time since last request: 0.000016 seconds.
  path: Assets/Sprites/Packs/Enemy Galore 1 - Pixel Art/Sprites/Pebble/Pebble_Hit.png
  artifactKey: Guid(3f2b9fa17f592fa4fb2597d22cfd6192) Importer(815301076,1909f56bfc062723c751e8b465ee728b)
Start importing Assets/Sprites/Packs/Enemy Galore 1 - Pixel Art/Sprites/Pebble/Pebble_Hit.png using Guid(3f2b9fa17f592fa4fb2597d22cfd6192) Importer(815301076,1909f56bfc062723c751e8b465ee728b)  -> (artifact id: '8f37014ccfd78d8bd525cb3a702503c0') in 0.287676 seconds 
========================================================================
Received Import Request.
  Time since last request: 0.000016 seconds.
  path: Assets/Effects/Warped Shooting Fx/Pixel Art/Waveform/waveform1.png
  artifactKey: Guid(6ce7d758dac494cc393bd4437dfdb24e) Importer(815301076,1909f56bfc062723c751e8b465ee728b)
Start importing Assets/Effects/Warped Shooting Fx/Pixel Art/Waveform/waveform1.png using Guid(6ce7d758dac494cc393bd4437dfdb24e) Importer(815301076,1909f56bfc062723c751e8b465ee728b)  -> (artifact id: '34eb309d84cca6bf474e21bc1bfda5c8') in 0.082602 seconds 
========================================================================
Received Import Request.
  Time since last request: 0.000020 seconds.
  path: Assets/Effects/Warped Shooting Fx/Pixel Art/Hits/Hit-6/hits-6-preview1.png
  artifactKey: Guid(51fcfc21fe0d4434b8d3739e03a490a4) Importer(815301076,1909f56bfc062723c751e8b465ee728b)
Start importing Assets/Effects/Warped Shooting Fx/Pixel Art/Hits/Hit-6/hits-6-preview1.png using Guid(51fcfc21fe0d4434b8d3739e03a490a4) Importer(815301076,1909f56bfc062723c751e8b465ee728b)  -> (artifact id: '04779d3c51ce1393389a79d5aa8a7cb8') in 0.139243 seconds 
========================================================================
Received Import Request.
  Time since last request: 0.000018 seconds.
  path: Assets/Sprites/Packs/Enemy Galore 1 - Pixel Art/Sprites/Pebble/Pebble_Run.png
  artifactKey: Guid(4cc1276d5ef5d31468d1287662e3ccb7) Importer(815301076,1909f56bfc062723c751e8b465ee728b)
Start importing Assets/Sprites/Packs/Enemy Galore 1 - Pixel Art/Sprites/Pebble/Pebble_Run.png using Guid(4cc1276d5ef5d31468d1287662e3ccb7) Importer(815301076,1909f56bfc062723c751e8b465ee728b)  -> (artifact id: '830492e3de2c802f7bc2ea54d2d7235b') in 0.330753 seconds 
========================================================================
Received Import Request.
  Time since last request: 0.000019 seconds.
  path: Assets/Sprites/Packs/Enemy Galore 1 - Pixel Art/Sprites/Rat/Rat_Death.png
  artifactKey: Guid(47ccfa2097f32dc48988cbecb76d03de) Importer(815301076,1909f56bfc062723c751e8b465ee728b)
Start importing Assets/Sprites/Packs/Enemy Galore 1 - Pixel Art/Sprites/Rat/Rat_Death.png using Guid(47ccfa2097f32dc48988cbecb76d03de) Importer(815301076,1909f56bfc062723c751e8b465ee728b)  -> (artifact id: '74ff9c04e26b92ea0b721c2ba5992e01') in 0.174144 seconds 
========================================================================
Received Import Request.
  Time since last request: 0.000023 seconds.
  path: Assets/Effects/Warped Shooting Fx/Pixel Art/Spark/spark-preview3.png
  artifactKey: Guid(487b10e46753346918225fa5f287a155) Importer(815301076,1909f56bfc062723c751e8b465ee728b)
Start importing Assets/Effects/Warped Shooting Fx/Pixel Art/Spark/spark-preview3.png using Guid(487b10e46753346918225fa5f287a155) Importer(815301076,1909f56bfc062723c751e8b465ee728b)  -> (artifact id: '8fc15fa2d849f5276d78523c77c744c4') in 0.141544 seconds 
========================================================================
Received Import Request.
  Time since last request: 0.000022 seconds.
  path: Assets/Sprites/Packs/Enemy Galore 1 - Pixel Art/Sprites/Rat/Rat_Attack_FX.png
  artifactKey: Guid(9f4666dd2c43d6c4eabd7fca76affcec) Importer(815301076,1909f56bfc062723c751e8b465ee728b)
Start importing Assets/Sprites/Packs/Enemy Galore 1 - Pixel Art/Sprites/Rat/Rat_Attack_FX.png using Guid(9f4666dd2c43d6c4eabd7fca76affcec) Importer(815301076,1909f56bfc062723c751e8b465ee728b)  -> (artifact id: 'd4c2af7490c50a1b1a6ee1ff09bbb893') in 0.181046 seconds 
========================================================================
Received Import Request.
  Time since last request: 0.000020 seconds.
  path: Assets/Effects/Warped Shooting Fx/Pixel Art/Waveform/waveform2.png
  artifactKey: Guid(e240c40da139d4e54aee2efe4960bec3) Importer(815301076,1909f56bfc062723c751e8b465ee728b)
Start importing Assets/Effects/Warped Shooting Fx/Pixel Art/Waveform/waveform2.png using Guid(e240c40da139d4e54aee2efe4960bec3) Importer(815301076,1909f56bfc062723c751e8b465ee728b)  -> (artifact id: '57d52835cac1506987625030c62ceb0f') in 0.060550 seconds 
========================================================================
Received Import Request.
  Time since last request: 0.000020 seconds.
  path: Assets/Effects/Warped Shooting Fx/Pixel Art/Hits/Hit-5/hits-5-5.png
  artifactKey: Guid(341c1a6eb2c3a4e19a7f481905965b21) Importer(815301076,1909f56bfc062723c751e8b465ee728b)
Start importing Assets/Effects/Warped Shooting Fx/Pixel Art/Hits/Hit-5/hits-5-5.png using Guid(341c1a6eb2c3a4e19a7f481905965b21) Importer(815301076,1909f56bfc062723c751e8b465ee728b)  -> (artifact id: 'c486469211873389c297da757190ba7f') in 0.146275 seconds 
========================================================================
Received Import Request.
  Time since last request: 0.000014 seconds.
  path: Assets/Effects/Warped Shooting Fx/Pixel Art/Waveform/waveform3.png
  artifactKey: Guid(36a183f10dadc491088dc8d1bbb60f36) Importer(815301076,1909f56bfc062723c751e8b465ee728b)
Start importing Assets/Effects/Warped Shooting Fx/Pixel Art/Waveform/waveform3.png using Guid(36a183f10dadc491088dc8d1bbb60f36) Importer(815301076,1909f56bfc062723c751e8b465ee728b)  -> (artifact id: '998c7464bcb044d7df7f23b1c2fd7327') in 0.128119 seconds 
========================================================================
Received Import Request.
  Time since last request: 0.000018 seconds.
  path: Assets/Sprites/Packs/Enemy Galore 1 - Pixel Art/Sprites/Rat/Rat_Death_FX.png
  artifactKey: Guid(ceb49d51625b9e349baca35d6f527cb5) Importer(815301076,1909f56bfc062723c751e8b465ee728b)
Start importing Assets/Sprites/Packs/Enemy Galore 1 - Pixel Art/Sprites/Rat/Rat_Death_FX.png using Guid(ceb49d51625b9e349baca35d6f527cb5) Importer(815301076,1909f56bfc062723c751e8b465ee728b)  -> (artifact id: 'a0351ca72ea5ebb75791baca9b1b0c32') in 0.044372 seconds 
========================================================================
Received Import Request.
  Time since last request: 0.000025 seconds.
  path: Assets/Effects/Warped Shooting Fx/Pixel Art/Hits/Hit-4/hits-4-4.png
  artifactKey: Guid(4aae302bfd1304042bae04832c0dba8e) Importer(815301076,1909f56bfc062723c751e8b465ee728b)
Start importing Assets/Effects/Warped Shooting Fx/Pixel Art/Hits/Hit-4/hits-4-4.png using Guid(4aae302bfd1304042bae04832c0dba8e) Importer(815301076,1909f56bfc062723c751e8b465ee728b)  -> (artifact id: '78228e5afade2395a0356ff62d385763') in 0.064751 seconds 
========================================================================
Received Import Request.
  Time since last request: 0.000015 seconds.
  path: Assets/Effects/Warped Shooting Fx/Pixel Art/Spark/spark-preview1.png
  artifactKey: Guid(cf9760a2dafc94f97b705a62ec67e9ff) Importer(815301076,1909f56bfc062723c751e8b465ee728b)
Start importing Assets/Effects/Warped Shooting Fx/Pixel Art/Spark/spark-preview1.png using Guid(cf9760a2dafc94f97b705a62ec67e9ff) Importer(815301076,1909f56bfc062723c751e8b465ee728b)  -> (artifact id: '1a10cb1c75e6f129818ba48bf9bce5e3') in 0.059327 seconds 
========================================================================
Received Import Request.
  Time since last request: 0.000016 seconds.
  path: Assets/Effects/Warped Shooting Fx/Pixel Art/Hits/Hit-6/hits-6-preview3.png
  artifactKey: Guid(dbb41e28ef2f94891aed9f7310c90eff) Importer(815301076,1909f56bfc062723c751e8b465ee728b)
Start importing Assets/Effects/Warped Shooting Fx/Pixel Art/Hits/Hit-6/hits-6-preview3.png using Guid(dbb41e28ef2f94891aed9f7310c90eff) Importer(815301076,1909f56bfc062723c751e8b465ee728b)  -> (artifact id: '21776f4b05ee0cdb4361c15411616df8') in 0.080766 seconds 
Editor requested this worker to shutdown with reason: Scaling down because of idle timeout
AssetImportWorker is now disconnected from the server
Process exiting
Exiting without the bug reporter. Application will terminate with return code 0