Using pre-set license
Built from '2021.3/staging' branch; Version is '2021.3.8f1 (b30333d56e81) revision 11731763'; Using compiler version '192829333'; Build Type 'Release'
OS: 'Windows 10  (10.0.19044) 64bit Core' Language: 'en' Physical Memory: 16314 MB
BatchMode: 1, IsHumanControllingUs: 0, StartBugReporterOnCrash: 0, Is64bit: 1, IsPro: 1

COMMAND LINE ARGUMENTS:
C:\Program Files\Unity\Hub\Editor\2021.3.8f1\Editor\Unity.exe
-adb2
-batchMode
-noUpm
-name
AssetImportWorker1
-projectPath
D:/SchoolWork/Programs/Idaho Ford and the 2D Crusade
-logFile
Logs/AssetImportWorker1.log
-srvPort
62015
Successfully changed project path to: D:/SchoolWork/Programs/Idaho Ford and the 2D Crusade
D:/SchoolWork/Programs/Idaho Ford and the 2D Crusade
[UnityMemory] Configuration Parameters - Can be set up in boot.config
    "memorysetup-bucket-allocator-granularity=16"
    "memorysetup-bucket-allocator-bucket-count=8"
    "memorysetup-bucket-allocator-block-size=33554432"
    "memorysetup-bucket-allocator-block-count=8"
    "memorysetup-main-allocator-block-size=16777216"
    "memorysetup-thread-allocator-block-size=16777216"
    "memorysetup-gfx-main-allocator-block-size=16777216"
    "memorysetup-gfx-thread-allocator-block-size=16777216"
    "memorysetup-cache-allocator-block-size=4194304"
    "memorysetup-typetree-allocator-block-size=2097152"
    "memorysetup-profiler-bucket-allocator-granularity=16"
    "memorysetup-profiler-bucket-allocator-bucket-count=8"
    "memorysetup-profiler-bucket-allocator-block-size=33554432"
    "memorysetup-profiler-bucket-allocator-block-count=8"
    "memorysetup-profiler-allocator-block-size=16777216"
    "memorysetup-profiler-editor-allocator-block-size=1048576"
    "memorysetup-temp-allocator-size-main=16777216"
    "memorysetup-job-temp-allocator-block-size=2097152"
    "memorysetup-job-temp-allocator-block-size-background=1048576"
    "memorysetup-job-temp-allocator-reduction-small-platforms=262144"
    "memorysetup-temp-allocator-size-background-worker=32768"
    "memorysetup-temp-allocator-size-job-worker=262144"
    "memorysetup-temp-allocator-size-preload-manager=33554432"
    "memorysetup-temp-allocator-size-nav-mesh-worker=65536"
    "memorysetup-temp-allocator-size-audio-worker=65536"
    "memorysetup-temp-allocator-size-cloud-worker=32768"
    "memorysetup-temp-allocator-size-gi-baking-worker=262144"
    "memorysetup-temp-allocator-size-gfx=262144"
Refreshing native plugins compatible for Editor in 89.20 ms, found 4 plugins.
Preloading 0 native plugins for Editor in 0.00 ms.
Initialize engine version: 2021.3.8f1 (b30333d56e81)
[Subsystems] Discovering subsystems at path C:/Program Files/Unity/Hub/Editor/2021.3.8f1/Editor/Data/Resources/UnitySubsystems
[Subsystems] Discovering subsystems at path D:/SchoolWork/Programs/Idaho Ford and the 2D Crusade/Assets
GfxDevice: creating device client; threaded=0; jobified=0
Direct3D:
    Version:  Direct3D 11.0 [level 11.1]
    Renderer: NVIDIA GeForce RTX 2060 SUPER (ID=0x1f06)
    Vendor:   NVIDIA
    VRAM:     8031 MB
    Driver:   31.0.15.1740
Initialize mono
Mono path[0] = 'C:/Program Files/Unity/Hub/Editor/2021.3.8f1/Editor/Data/Managed'
Mono path[1] = 'C:/Program Files/Unity/Hub/Editor/2021.3.8f1/Editor/Data/MonoBleedingEdge/lib/mono/unityjit-win32'
Mono config path = 'C:/Program Files/Unity/Hub/Editor/2021.3.8f1/Editor/Data/MonoBleedingEdge/etc'
Using monoOptions --debugger-agent=transport=dt_socket,embedding=1,server=y,suspend=n,address=127.0.0.1:56124
Begin MonoManager ReloadAssembly
Registering precompiled unity dll's ...
Register platform support module: C:/Program Files/Unity/Hub/Editor/2021.3.8f1/Editor/Data/PlaybackEngines/WebGLSupport/UnityEditor.WebGL.Extensions.dll
Register platform support module: C:/Program Files/Unity/Hub/Editor/2021.3.8f1/Editor/Data/PlaybackEngines/WindowsStandaloneSupport/UnityEditor.WindowsStandalone.Extensions.dll
Registered in 0.008971 seconds.
Native extension for WindowsStandalone target not found
Native extension for WebGL target not found
Refreshing native plugins compatible for Editor in 95.87 ms, found 4 plugins.
Preloading 0 native plugins for Editor in 0.00 ms.
Mono: successfully reloaded assembly
- Completed reload, in  0.662 seconds
Domain Reload Profiling:
	ReloadAssembly (663ms)
		BeginReloadAssembly (72ms)
			ExecutionOrderSort (0ms)
			DisableScriptedObjects (0ms)
			BackupInstance (0ms)
			ReleaseScriptingObjects (0ms)
			CreateAndSetChildDomain (1ms)
		EndReloadAssembly (476ms)
			LoadAssemblies (70ms)
			RebuildTransferFunctionScriptingTraits (0ms)
			SetupTypeCache (113ms)
			ReleaseScriptCaches (0ms)
			RebuildScriptCaches (25ms)
			SetupLoadedEditorAssemblies (287ms)
				LogAssemblyErrors (0ms)
				InitializePlatformSupportModulesInManaged (9ms)
				SetLoadedEditorAssemblies (0ms)
				RefreshPlugins (96ms)
				BeforeProcessingInitializeOnLoad (1ms)
				ProcessInitializeOnLoadAttributes (133ms)
				ProcessInitializeOnLoadMethodAttributes (47ms)
				AfterProcessingInitializeOnLoad (0ms)
				EditorAssembliesLoaded (0ms)
			ExecutionOrderSort2 (0ms)
			AwakeInstancesAfterBackupRestoration (0ms)
Platform modules already initialized, skipping
Registering precompiled user dll's ...
Registered in 0.005489 seconds.
Begin MonoManager ReloadAssembly
Symbol file LoadedFromMemory doesn't match image D:\SchoolWork\Programs\Idaho Ford and the 2D Crusade\Library\PackageCache\com.unity.visualscripting@1.7.8\Editor\VisualScripting.Core\Dependencies\YamlDotNet\Unity.VisualScripting.YamlDotNet.dll
Symbol file LoadedFromMemory doesn't match image D:\SchoolWork\Programs\Idaho Ford and the 2D Crusade\Library\PackageCache\com.unity.visualscripting@1.7.8\Editor\VisualScripting.Core\Dependencies\DotNetZip\Unity.VisualScripting.IonicZip.dll
Native extension for WindowsStandalone target not found
Native extension for WebGL target not found
Refreshing native plugins compatible for Editor in 97.77 ms, found 4 plugins.
Preloading 0 native plugins for Editor in 0.00 ms.
Mono: successfully reloaded assembly
- Completed reload, in  1.143 seconds
Domain Reload Profiling:
	ReloadAssembly (1144ms)
		BeginReloadAssembly (118ms)
			ExecutionOrderSort (0ms)
			DisableScriptedObjects (5ms)
			BackupInstance (0ms)
			ReleaseScriptingObjects (0ms)
			CreateAndSetChildDomain (20ms)
		EndReloadAssembly (914ms)
			LoadAssemblies (93ms)
			RebuildTransferFunctionScriptingTraits (0ms)
			SetupTypeCache (254ms)
			ReleaseScriptCaches (1ms)
			RebuildScriptCaches (56ms)
			SetupLoadedEditorAssemblies (480ms)
				LogAssemblyErrors (0ms)
				InitializePlatformSupportModulesInManaged (6ms)
				SetLoadedEditorAssemblies (0ms)
				RefreshPlugins (98ms)
				BeforeProcessingInitializeOnLoad (93ms)
				ProcessInitializeOnLoadAttributes (231ms)
				ProcessInitializeOnLoadMethodAttributes (42ms)
				AfterProcessingInitializeOnLoad (11ms)
				EditorAssembliesLoaded (0ms)
			ExecutionOrderSort2 (0ms)
			AwakeInstancesAfterBackupRestoration (5ms)
Platform modules already initialized, skipping
========================================================================
Worker process is ready to serve import requests
Launched and connected shader compiler UnityShaderCompiler.exe after 0.05 seconds
Refreshing native plugins compatible for Editor in 0.83 ms, found 4 plugins.
Preloading 0 native plugins for Editor in 0.00 ms.
Unloading 4070 Unused Serialized files (Serialized files now loaded: 0)
Unloading 44 unused Assets / (222.8 KB). Loaded Objects now: 4522.
Memory consumption went from 151.6 MB to 151.4 MB.
Total: 2.852800 ms (FindLiveObjects: 0.298100 ms CreateObjectMapping: 0.267500 ms MarkObjects: 2.148400 ms  DeleteObjects: 0.138000 ms)

AssetImportParameters requested are different than current active one (requested -> active):
  custom:video-decoder-ogg-theora: a1e56fd34408186e4bbccfd4996cb3dc -> 
  custom:container-muxer-webm: aa71ff27fc2769a1b78a27578f13a17b -> 
  custom:container-demuxer-webm: 4f35f7cbe854078d1ac9338744f61a02 -> 
  custom:video-encoder-webm-vp8: eb34c28f22e8b96e1ab97ce403110664 -> 
  custom:audio-encoder-webm-vorbis: bf7c407c2cedff20999df2af8eb42d56 -> 
  custom:framework-win-MediaFoundation: 216162199b28c13a410421893ffa2e32 -> 
  custom:container-demuxer-ogg: 62fdf1f143b41e24485cea50d1cbac27 -> 
  custom:video-decoder-webm-vp8: 9c59270c3fd7afecdb556c50c9e8de78 -> 
  custom:audio-decoder-ogg-vorbis: bf7c407c2cedff20999df2af8eb42d56 -> 
========================================================================
Received Import Request.
  Time since last request: 430860.100302 seconds.
  path: Assets/Effects/Warped Shooting Fx/Pixel Art/Spark/spark-preview4.png
  artifactKey: Guid(60b96073820064558b98a49c7a3497db) Importer(815301076,1909f56bfc062723c751e8b465ee728b)
Start importing Assets/Effects/Warped Shooting Fx/Pixel Art/Spark/spark-preview4.png using Guid(60b96073820064558b98a49c7a3497db) Importer(815301076,1909f56bfc062723c751e8b465ee728b)  -> (artifact id: '69894b8c7836010e1965c697582bd0be') in 0.203831 seconds 
========================================================================
Received Import Request.
  Time since last request: 0.000021 seconds.
  path: Assets/Effects/Warped Shooting Fx/Pixel Art/Spark/spark-preview2.png
  artifactKey: Guid(4f51bb8911008429aa839a13067fa928) Importer(815301076,1909f56bfc062723c751e8b465ee728b)
Start importing Assets/Effects/Warped Shooting Fx/Pixel Art/Spark/spark-preview2.png using Guid(4f51bb8911008429aa839a13067fa928) Importer(815301076,1909f56bfc062723c751e8b465ee728b)  -> (artifact id: 'bce4ce2b82f7c23a1b35821e6a56408e') in 0.057730 seconds 
========================================================================
Received Import Request.
  Time since last request: 0.000024 seconds.
  path: Assets/Effects/Warped Shooting Fx/Pixel Art/Waveform/waveform4.png
  artifactKey: Guid(07f154720f2cc47c094b940d9d2b3b84) Importer(815301076,1909f56bfc062723c751e8b465ee728b)
Start importing Assets/Effects/Warped Shooting Fx/Pixel Art/Waveform/waveform4.png using Guid(07f154720f2cc47c094b940d9d2b3b84) Importer(815301076,1909f56bfc062723c751e8b465ee728b)  -> (artifact id: '0d015eff29d2b498c1f103f94067e4d3') in 0.130576 seconds 
========================================================================
Received Import Request.
  Time since last request: 0.000014 seconds.
  path: Assets/Effects/Warped Shooting Fx/Pixel Art/Hits/Hit-2/hits-2-7.png
  artifactKey: Guid(c069df217bc9948958d20a8717a148ff) Importer(815301076,1909f56bfc062723c751e8b465ee728b)
Start importing Assets/Effects/Warped Shooting Fx/Pixel Art/Hits/Hit-2/hits-2-7.png using Guid(c069df217bc9948958d20a8717a148ff) Importer(815301076,1909f56bfc062723c751e8b465ee728b)  -> (artifact id: '9ab73ace66a51114e41340d009de5e13') in 0.060793 seconds 
========================================================================
Received Import Request.
  Time since last request: 0.000021 seconds.
  path: Assets/Effects/Warped Shooting Fx/Pixel Art/Hits/Hit-4/hits-4-6.png
  artifactKey: Guid(5f4745d425b4c429aa661475139c9fc4) Importer(815301076,1909f56bfc062723c751e8b465ee728b)
Start importing Assets/Effects/Warped Shooting Fx/Pixel Art/Hits/Hit-4/hits-4-6.png using Guid(5f4745d425b4c429aa661475139c9fc4) Importer(815301076,1909f56bfc062723c751e8b465ee728b)  -> (artifact id: '3c2ea4d97c8a54b71b588ec708d9f58a') in 0.133599 seconds 
========================================================================
Received Import Request.
  Time since last request: 0.000024 seconds.
  path: Assets/Effects/Warped Shooting Fx/Pixel Art/Hits/Hit-6/hits-6-preview6.png
  artifactKey: Guid(6d1eeda11629e4538b3df1010e644695) Importer(815301076,1909f56bfc062723c751e8b465ee728b)
Start importing Assets/Effects/Warped Shooting Fx/Pixel Art/Hits/Hit-6/hits-6-preview6.png using Guid(6d1eeda11629e4538b3df1010e644695) Importer(815301076,1909f56bfc062723c751e8b465ee728b)  -> (artifact id: '07ce08b48e7625adce8cd3a850543073') in 0.072387 seconds 
========================================================================
Received Import Request.
  Time since last request: 0.000015 seconds.
  path: Assets/Sprites/Packs/Enemy Galore 1 - Pixel Art/Sprites/Rat/Rat_Idle.png
  artifactKey: Guid(bacb39275657a5c41b462455d80cd045) Importer(815301076,1909f56bfc062723c751e8b465ee728b)
Start importing Assets/Sprites/Packs/Enemy Galore 1 - Pixel Art/Sprites/Rat/Rat_Idle.png using Guid(bacb39275657a5c41b462455d80cd045) Importer(815301076,1909f56bfc062723c751e8b465ee728b)  -> (artifact id: '5c712d3c86887ff80fcf4bd7978b6d9b') in 0.173040 seconds 
========================================================================
Received Import Request.
  Time since last request: 0.000022 seconds.
  path: Assets/Effects/Warped Shooting Fx/Pixel Art/Hits/Hit-5/hits-5-7.png
  artifactKey: Guid(6f9b078fb946e46179dd1dcf754a2844) Importer(815301076,1909f56bfc062723c751e8b465ee728b)
Start importing Assets/Effects/Warped Shooting Fx/Pixel Art/Hits/Hit-5/hits-5-7.png using Guid(6f9b078fb946e46179dd1dcf754a2844) Importer(815301076,1909f56bfc062723c751e8b465ee728b)  -> (artifact id: '0407cdd27c266404782e0883a1a2b642') in 0.088736 seconds 
========================================================================
Received Import Request.
  Time since last request: 0.000023 seconds.
  path: Assets/Effects/Warped Shooting Fx/Pixel Art/Hits/Hit-2/hits-2-1.png
  artifactKey: Guid(de7cd932501094988a25e04e44b1b9f8) Importer(815301076,1909f56bfc062723c751e8b465ee728b)
Start importing Assets/Effects/Warped Shooting Fx/Pixel Art/Hits/Hit-2/hits-2-1.png using Guid(de7cd932501094988a25e04e44b1b9f8) Importer(815301076,1909f56bfc062723c751e8b465ee728b)  -> (artifact id: '5b3af35075a716f69349e6c525aa7fc9') in 0.199366 seconds 
========================================================================
Received Import Request.
  Time since last request: 0.000019 seconds.
  path: Assets/Effects/Warped Shooting Fx/Pixel Art/Hits/Hit-4/hits-4-3.png
  artifactKey: Guid(864f19db69d2c4fed8398b7548a28d89) Importer(815301076,1909f56bfc062723c751e8b465ee728b)
Start importing Assets/Effects/Warped Shooting Fx/Pixel Art/Hits/Hit-4/hits-4-3.png using Guid(864f19db69d2c4fed8398b7548a28d89) Importer(815301076,1909f56bfc062723c751e8b465ee728b)  -> (artifact id: '6e77c57f1a85533abe0d63f261a679a7') in 0.139707 seconds 
========================================================================
Received Import Request.
  Time since last request: 0.000016 seconds.
  path: Assets/Sprites/Packs/Enemy Galore 1 - Pixel Art/Sprites/Golem/Golem_Run.png
  artifactKey: Guid(5a72bf6a4f4357a4cb5405aaf6cdf3df) Importer(815301076,1909f56bfc062723c751e8b465ee728b)
Start importing Assets/Sprites/Packs/Enemy Galore 1 - Pixel Art/Sprites/Golem/Golem_Run.png using Guid(5a72bf6a4f4357a4cb5405aaf6cdf3df) Importer(815301076,1909f56bfc062723c751e8b465ee728b)  -> (artifact id: '029a1c57b2d55e705a77d1cf135f8c08') in 0.189835 seconds 
========================================================================
Received Import Request.
  Time since last request: 0.000028 seconds.
  path: Assets/Effects/Warped Shooting Fx/Pixel Art/Hits/Hit-1/hits-1-2.png
  artifactKey: Guid(54d143e2b2e3041e8988b21d3e7eb773) Importer(815301076,1909f56bfc062723c751e8b465ee728b)
Start importing Assets/Effects/Warped Shooting Fx/Pixel Art/Hits/Hit-1/hits-1-2.png using Guid(54d143e2b2e3041e8988b21d3e7eb773) Importer(815301076,1909f56bfc062723c751e8b465ee728b)  -> (artifact id: 'f3b8b5fc0ee39436f7b6d533672768a9') in 0.056934 seconds 
========================================================================
Received Import Request.
  Time since last request: 0.000017 seconds.
  path: Assets/Sprites/Packs/Enemy Galore 1 - Pixel Art/Sprites/Rat/Rat_Ability.png
  artifactKey: Guid(527d0ddf082e4724a861fc734336bee7) Importer(815301076,1909f56bfc062723c751e8b465ee728b)
Start importing Assets/Sprites/Packs/Enemy Galore 1 - Pixel Art/Sprites/Rat/Rat_Ability.png using Guid(527d0ddf082e4724a861fc734336bee7) Importer(815301076,1909f56bfc062723c751e8b465ee728b)  -> (artifact id: '68accb393f15888e105076ba4042c03e') in 0.226176 seconds 
========================================================================
Received Import Request.
  Time since last request: 0.000017 seconds.
  path: Assets/Effects/Warped Shooting Fx/Pixel Art/Hits/Hit-1/hits-1-1.png
  artifactKey: Guid(27ff21fb9b7ed4079a65bdb8b0fc27c3) Importer(815301076,1909f56bfc062723c751e8b465ee728b)
Start importing Assets/Effects/Warped Shooting Fx/Pixel Art/Hits/Hit-1/hits-1-1.png using Guid(27ff21fb9b7ed4079a65bdb8b0fc27c3) Importer(815301076,1909f56bfc062723c751e8b465ee728b)  -> (artifact id: 'c4a1df22d469824e008ff39bd530c902') in 0.019080 seconds 
========================================================================
Received Import Request.
  Time since last request: 0.000023 seconds.
  path: Assets/Effects/Warped Shooting Fx/Pixel Art/Hits/Hit-6/hits-6-preview2.png
  artifactKey: Guid(e1c70cc19860d48758addc91445ced2d) Importer(815301076,1909f56bfc062723c751e8b465ee728b)
Start importing Assets/Effects/Warped Shooting Fx/Pixel Art/Hits/Hit-6/hits-6-preview2.png using Guid(e1c70cc19860d48758addc91445ced2d) Importer(815301076,1909f56bfc062723c751e8b465ee728b)  -> (artifact id: '1a1c54ea99dbc190fd07e077545ad1ab') in 0.077227 seconds 
========================================================================
Received Import Request.
  Time since last request: 0.000015 seconds.
  path: Assets/Sprites/Packs/Enemy Galore 1 - Pixel Art/Sprites/Pebble/Pebble_Death.png
  artifactKey: Guid(19175d15c64903a4586f8e4681d9b258) Importer(815301076,1909f56bfc062723c751e8b465ee728b)
Start importing Assets/Sprites/Packs/Enemy Galore 1 - Pixel Art/Sprites/Pebble/Pebble_Death.png using Guid(19175d15c64903a4586f8e4681d9b258) Importer(815301076,1909f56bfc062723c751e8b465ee728b)  -> (artifact id: 'edee197c7f78a737e43e32cf31cac41e') in 0.156611 seconds 
========================================================================
Received Import Request.
  Time since last request: 0.000019 seconds.
  path: Assets/Effects/Warped Shooting Fx/Pixel Art/Hits/Hit-3/hits-3-1.png
  artifactKey: Guid(aebeab716d07a4a0584a05bca757ed93) Importer(815301076,1909f56bfc062723c751e8b465ee728b)
Start importing Assets/Effects/Warped Shooting Fx/Pixel Art/Hits/Hit-3/hits-3-1.png using Guid(aebeab716d07a4a0584a05bca757ed93) Importer(815301076,1909f56bfc062723c751e8b465ee728b)  -> (artifact id: 'd5dcefa33eaba8335c420769f45e5a3d') in 0.065252 seconds 
========================================================================
Received Import Request.
  Time since last request: 0.000022 seconds.
  path: Assets/Effects/Warped Shooting Fx/Pixel Art/Hits/Hit-3/hits-3-5.png
  artifactKey: Guid(8dbd3fe0520d840e4a365469cb9bafb6) Importer(815301076,1909f56bfc062723c751e8b465ee728b)
Start importing Assets/Effects/Warped Shooting Fx/Pixel Art/Hits/Hit-3/hits-3-5.png using Guid(8dbd3fe0520d840e4a365469cb9bafb6) Importer(815301076,1909f56bfc062723c751e8b465ee728b)  -> (artifact id: 'f6f27fd022a3b7458204547f8b159477') in 0.107021 seconds 
========================================================================
Received Import Request.
  Time since last request: 0.000017 seconds.
  path: Assets/Effects/Warped Shooting Fx/Pixel Art/Pulse/pulse3.png
  artifactKey: Guid(d7e06cd92a81c4da982d67a807b692b8) Importer(815301076,1909f56bfc062723c751e8b465ee728b)
Start importing Assets/Effects/Warped Shooting Fx/Pixel Art/Pulse/pulse3.png using Guid(d7e06cd92a81c4da982d67a807b692b8) Importer(815301076,1909f56bfc062723c751e8b465ee728b)  -> (artifact id: 'e56ae194df6a988d80bf017bfb245b92') in 0.017118 seconds 
Editor requested this worker to shutdown with reason: Scaling down because of idle timeout
AssetImportWorker is now disconnected from the server
Process exiting
Exiting without the bug reporter. Application will terminate with return code 0