Using pre-set license
Built from '2021.3/staging' branch; Version is '2021.3.8f1 (b30333d56e81) revision 11731763'; Using compiler version '192829333'; Build Type 'Release'
OS: 'Windows 10  (10.0.19044) 64bit Core' Language: 'en' Physical Memory: 16314 MB
BatchMode: 1, IsHumanControllingUs: 0, StartBugReporterOnCrash: 0, Is64bit: 1, IsPro: 1

COMMAND LINE ARGUMENTS:
C:\Program Files\Unity\Hub\Editor\2021.3.8f1\Editor\Unity.exe
-adb2
-batchMode
-noUpm
-name
AssetImportWorker2
-projectPath
D:/SchoolWork/Programs/Idaho Ford and the 2D Crusade
-logFile
Logs/AssetImportWorker2.log
-srvPort
51804
Successfully changed project path to: D:/SchoolWork/Programs/Idaho Ford and the 2D Crusade
D:/SchoolWork/Programs/Idaho Ford and the 2D Crusade
[UnityMemory] Configuration Parameters - Can be set up in boot.config
    "memorysetup-bucket-allocator-granularity=16"
    "memorysetup-bucket-allocator-bucket-count=8"
    "memorysetup-bucket-allocator-block-size=33554432"
    "memorysetup-bucket-allocator-block-count=8"
    "memorysetup-main-allocator-block-size=16777216"
    "memorysetup-thread-allocator-block-size=16777216"
    "memorysetup-gfx-main-allocator-block-size=16777216"
    "memorysetup-gfx-thread-allocator-block-size=16777216"
    "memorysetup-cache-allocator-block-size=4194304"
    "memorysetup-typetree-allocator-block-size=2097152"
    "memorysetup-profiler-bucket-allocator-granularity=16"
    "memorysetup-profiler-bucket-allocator-bucket-count=8"
    "memorysetup-profiler-bucket-allocator-block-size=33554432"
    "memorysetup-profiler-bucket-allocator-block-count=8"
    "memorysetup-profiler-allocator-block-size=16777216"
    "memorysetup-profiler-editor-allocator-block-size=1048576"
    "memorysetup-temp-allocator-size-main=16777216"
    "memorysetup-job-temp-allocator-block-size=2097152"
    "memorysetup-job-temp-allocator-block-size-background=1048576"
    "memorysetup-job-temp-allocator-reduction-small-platforms=262144"
    "memorysetup-temp-allocator-size-background-worker=32768"
    "memorysetup-temp-allocator-size-job-worker=262144"
    "memorysetup-temp-allocator-size-preload-manager=33554432"
    "memorysetup-temp-allocator-size-nav-mesh-worker=65536"
    "memorysetup-temp-allocator-size-audio-worker=65536"
    "memorysetup-temp-allocator-size-cloud-worker=32768"
    "memorysetup-temp-allocator-size-gi-baking-worker=262144"
    "memorysetup-temp-allocator-size-gfx=262144"
Refreshing native plugins compatible for Editor in 82.59 ms, found 4 plugins.
Preloading 0 native plugins for Editor in 0.00 ms.
Initialize engine version: 2021.3.8f1 (b30333d56e81)
[Subsystems] Discovering subsystems at path C:/Program Files/Unity/Hub/Editor/2021.3.8f1/Editor/Data/Resources/UnitySubsystems
[Subsystems] Discovering subsystems at path D:/SchoolWork/Programs/Idaho Ford and the 2D Crusade/Assets
GfxDevice: creating device client; threaded=0; jobified=0
Direct3D:
    Version:  Direct3D 11.0 [level 11.1]
    Renderer: NVIDIA GeForce RTX 2060 SUPER (ID=0x1f06)
    Vendor:   NVIDIA
    VRAM:     8031 MB
    Driver:   31.0.15.1740
Initialize mono
Mono path[0] = 'C:/Program Files/Unity/Hub/Editor/2021.3.8f1/Editor/Data/Managed'
Mono path[1] = 'C:/Program Files/Unity/Hub/Editor/2021.3.8f1/Editor/Data/MonoBleedingEdge/lib/mono/unityjit-win32'
Mono config path = 'C:/Program Files/Unity/Hub/Editor/2021.3.8f1/Editor/Data/MonoBleedingEdge/etc'
Using monoOptions --debugger-agent=transport=dt_socket,embedding=1,server=y,suspend=n,address=127.0.0.1:56304
Begin MonoManager ReloadAssembly
Registering precompiled unity dll's ...
Register platform support module: C:/Program Files/Unity/Hub/Editor/2021.3.8f1/Editor/Data/PlaybackEngines/WebGLSupport/UnityEditor.WebGL.Extensions.dll
Register platform support module: C:/Program Files/Unity/Hub/Editor/2021.3.8f1/Editor/Data/PlaybackEngines/WindowsStandaloneSupport/UnityEditor.WindowsStandalone.Extensions.dll
Registered in 0.007940 seconds.
Native extension for WindowsStandalone target not found
Native extension for WebGL target not found
Refreshing native plugins compatible for Editor in 79.71 ms, found 4 plugins.
Preloading 0 native plugins for Editor in 0.00 ms.
Mono: successfully reloaded assembly
- Completed reload, in  0.565 seconds
Domain Reload Profiling:
	ReloadAssembly (566ms)
		BeginReloadAssembly (66ms)
			ExecutionOrderSort (0ms)
			DisableScriptedObjects (0ms)
			BackupInstance (0ms)
			ReleaseScriptingObjects (0ms)
			CreateAndSetChildDomain (1ms)
		EndReloadAssembly (402ms)
			LoadAssemblies (64ms)
			RebuildTransferFunctionScriptingTraits (0ms)
			SetupTypeCache (88ms)
			ReleaseScriptCaches (0ms)
			RebuildScriptCaches (24ms)
			SetupLoadedEditorAssemblies (245ms)
				LogAssemblyErrors (0ms)
				InitializePlatformSupportModulesInManaged (9ms)
				SetLoadedEditorAssemblies (0ms)
				RefreshPlugins (80ms)
				BeforeProcessingInitializeOnLoad (1ms)
				ProcessInitializeOnLoadAttributes (117ms)
				ProcessInitializeOnLoadMethodAttributes (38ms)
				AfterProcessingInitializeOnLoad (0ms)
				EditorAssembliesLoaded (0ms)
			ExecutionOrderSort2 (0ms)
			AwakeInstancesAfterBackupRestoration (0ms)
Platform modules already initialized, skipping
Registering precompiled user dll's ...
Registered in 0.005210 seconds.
Begin MonoManager ReloadAssembly
Symbol file LoadedFromMemory doesn't match image D:\SchoolWork\Programs\Idaho Ford and the 2D Crusade\Library\PackageCache\com.unity.visualscripting@1.7.8\Editor\VisualScripting.Core\Dependencies\YamlDotNet\Unity.VisualScripting.YamlDotNet.dll
Symbol file LoadedFromMemory doesn't match image D:\SchoolWork\Programs\Idaho Ford and the 2D Crusade\Library\PackageCache\com.unity.visualscripting@1.7.8\Editor\VisualScripting.Core\Dependencies\DotNetZip\Unity.VisualScripting.IonicZip.dll
Native extension for WindowsStandalone target not found
Native extension for WebGL target not found
Refreshing native plugins compatible for Editor in 78.00 ms, found 4 plugins.
Preloading 0 native plugins for Editor in 0.00 ms.
Mono: successfully reloaded assembly
- Completed reload, in  1.028 seconds
Domain Reload Profiling:
	ReloadAssembly (1029ms)
		BeginReloadAssembly (118ms)
			ExecutionOrderSort (0ms)
			DisableScriptedObjects (5ms)
			BackupInstance (0ms)
			ReleaseScriptingObjects (0ms)
			CreateAndSetChildDomain (16ms)
		EndReloadAssembly (805ms)
			LoadAssemblies (96ms)
			RebuildTransferFunctionScriptingTraits (0ms)
			SetupTypeCache (205ms)
			ReleaseScriptCaches (1ms)
			RebuildScriptCaches (47ms)
			SetupLoadedEditorAssemblies (438ms)
				LogAssemblyErrors (0ms)
				InitializePlatformSupportModulesInManaged (6ms)
				SetLoadedEditorAssemblies (0ms)
				RefreshPlugins (78ms)
				BeforeProcessingInitializeOnLoad (87ms)
				ProcessInitializeOnLoadAttributes (218ms)
				ProcessInitializeOnLoadMethodAttributes (36ms)
				AfterProcessingInitializeOnLoad (13ms)
				EditorAssembliesLoaded (0ms)
			ExecutionOrderSort2 (0ms)
			AwakeInstancesAfterBackupRestoration (7ms)
Platform modules already initialized, skipping
========================================================================
Worker process is ready to serve import requests
Launched and connected shader compiler UnityShaderCompiler.exe after 0.05 seconds
Refreshing native plugins compatible for Editor in 0.89 ms, found 4 plugins.
Preloading 0 native plugins for Editor in 0.00 ms.
Unloading 4068 Unused Serialized files (Serialized files now loaded: 0)
Unloading 44 unused Assets / (222.8 KB). Loaded Objects now: 4518.
Memory consumption went from 151.4 MB to 151.2 MB.
Total: 3.189200 ms (FindLiveObjects: 0.316400 ms CreateObjectMapping: 0.260400 ms MarkObjects: 2.450200 ms  DeleteObjects: 0.161300 ms)

AssetImportParameters requested are different than current active one (requested -> active):
  custom:video-decoder-ogg-theora: a1e56fd34408186e4bbccfd4996cb3dc -> 
  custom:container-muxer-webm: aa71ff27fc2769a1b78a27578f13a17b -> 
  custom:container-demuxer-webm: 4f35f7cbe854078d1ac9338744f61a02 -> 
  custom:video-encoder-webm-vp8: eb34c28f22e8b96e1ab97ce403110664 -> 
  custom:audio-encoder-webm-vorbis: bf7c407c2cedff20999df2af8eb42d56 -> 
  custom:framework-win-MediaFoundation: 216162199b28c13a410421893ffa2e32 -> 
  custom:container-demuxer-ogg: 62fdf1f143b41e24485cea50d1cbac27 -> 
  custom:video-decoder-webm-vp8: 9c59270c3fd7afecdb556c50c9e8de78 -> 
  custom:audio-decoder-ogg-vorbis: bf7c407c2cedff20999df2af8eb42d56 -> 
========================================================================
Received Import Request.
  Time since last request: 424825.331729 seconds.
  path: Assets/64 Amulets/Amulets 64x64 Outline Fade.png
  artifactKey: Guid(43f506a2d40dbbe479551201786ab241) Importer(815301076,1909f56bfc062723c751e8b465ee728b)
Start importing Assets/64 Amulets/Amulets 64x64 Outline Fade.png using Guid(43f506a2d40dbbe479551201786ab241) Importer(815301076,1909f56bfc062723c751e8b465ee728b)  -> (artifact id: '1a651f0fdf46117e83099a303d151b3a') in 0.325430 seconds 
========================================================================
Received Import Request.
  Time since last request: 8.070245 seconds.
  path: Assets/Enemy Galore 1 - Pixel Art/Sprites
  artifactKey: Guid(1d6d2285bf0a4a649a8d9bf339df2838) Importer(815301076,1909f56bfc062723c751e8b465ee728b)
Start importing Assets/Enemy Galore 1 - Pixel Art/Sprites using Guid(1d6d2285bf0a4a649a8d9bf339df2838) Importer(815301076,1909f56bfc062723c751e8b465ee728b)  -> (artifact id: '80eb9d318ec6bf911f5879f265be737d') in 0.005058 seconds 
========================================================================
Received Import Request.
  Time since last request: 15.353388 seconds.
  path: Assets/Porforever/Assets/Sprites
  artifactKey: Guid(ec6044caf21d9de46a30072c6822577a) Importer(815301076,1909f56bfc062723c751e8b465ee728b)
Start importing Assets/Porforever/Assets/Sprites using Guid(ec6044caf21d9de46a30072c6822577a) Importer(815301076,1909f56bfc062723c751e8b465ee728b)  -> (artifact id: '4ea8e07aee6cc5efaff86ab100a33ffc') in 0.002053 seconds 
========================================================================
Received Import Request.
  Time since last request: 0.052982 seconds.
  path: Assets/Porforever/Assets/Sprites/Block Tiles.png
  artifactKey: Guid(f5cff35980d68564382a653b7b401c2a) Importer(815301076,1909f56bfc062723c751e8b465ee728b)
Start importing Assets/Porforever/Assets/Sprites/Block Tiles.png using Guid(f5cff35980d68564382a653b7b401c2a) Importer(815301076,1909f56bfc062723c751e8b465ee728b)  -> (artifact id: '449d643e046ec6cfdc044b388e2b7c12') in 0.013545 seconds 
========================================================================
Received Import Request.
  Time since last request: 17.373518 seconds.
  path: Assets/xDeviruchi/8-bit Fantasy & Adventure Music/Separated Files
  artifactKey: Guid(77b6ebb4409519b4f96003ae70cb6518) Importer(815301076,1909f56bfc062723c751e8b465ee728b)
Start importing Assets/xDeviruchi/8-bit Fantasy & Adventure Music/Separated Files using Guid(77b6ebb4409519b4f96003ae70cb6518) Importer(815301076,1909f56bfc062723c751e8b465ee728b)  -> (artifact id: '861af547b6475aa031dda44ffdd1fce0') in 0.005216 seconds 
========================================================================
Received Import Request.
  Time since last request: 77.140977 seconds.
  path: Assets/Medieval_pixel_art_asset_FREE/palettes
  artifactKey: Guid(b77922e1d5d31154ca6068d40f1dc7e0) Importer(815301076,1909f56bfc062723c751e8b465ee728b)
Start importing Assets/Medieval_pixel_art_asset_FREE/palettes using Guid(b77922e1d5d31154ca6068d40f1dc7e0) Importer(815301076,1909f56bfc062723c751e8b465ee728b)  -> (artifact id: '11b71fad422064f1b23e2c6c22539c4d') in 0.005037 seconds 
========================================================================
Received Import Request.
  Time since last request: 1.040134 seconds.
  path: Assets/Medieval_pixel_art_asset_FREE/palettes/Medieval_pixel_art_tileset_free.prefab
  artifactKey: Guid(24d7ac66bf388d14186f825aca992a57) Importer(815301076,1909f56bfc062723c751e8b465ee728b)
Start importing Assets/Medieval_pixel_art_asset_FREE/palettes/Medieval_pixel_art_tileset_free.prefab using Guid(24d7ac66bf388d14186f825aca992a57) Importer(815301076,1909f56bfc062723c751e8b465ee728b)  -> (artifact id: '1aef89d923fbb314a10122997c1cc6fc') in 0.068747 seconds 
========================================================================
Received Import Request.
  Time since last request: 3.974994 seconds.
  path: Assets/Medieval_pixel_art_asset_FREE/Prefabs
  artifactKey: Guid(25b462d4c7ecad445843e353e2d90427) Importer(815301076,1909f56bfc062723c751e8b465ee728b)
Start importing Assets/Medieval_pixel_art_asset_FREE/Prefabs using Guid(25b462d4c7ecad445843e353e2d90427) Importer(815301076,1909f56bfc062723c751e8b465ee728b)  -> (artifact id: 'f7db7a7970cdab2f150120990fe9b27d') in 0.004932 seconds 
========================================================================
Received Import Request.
  Time since last request: 0.506309 seconds.
  path: Assets/Medieval_pixel_art_asset_FREE/Scenes
  artifactKey: Guid(30ab7afce1f77d24e838e2ca44bb7997) Importer(815301076,1909f56bfc062723c751e8b465ee728b)
Start importing Assets/Medieval_pixel_art_asset_FREE/Scenes using Guid(30ab7afce1f77d24e838e2ca44bb7997) Importer(815301076,1909f56bfc062723c751e8b465ee728b)  -> (artifact id: 'c889ca8f934c562c5175b8e730bd6958') in 0.005271 seconds 
========================================================================
Received Import Request.
  Time since last request: 0.780400 seconds.
  path: Assets/Medieval_pixel_art_asset_FREE/Tiles_free
  artifactKey: Guid(631a5d26e29e0094c899147c58ca51dc) Importer(815301076,1909f56bfc062723c751e8b465ee728b)
Start importing Assets/Medieval_pixel_art_asset_FREE/Tiles_free using Guid(631a5d26e29e0094c899147c58ca51dc) Importer(815301076,1909f56bfc062723c751e8b465ee728b)  -> (artifact id: '4bcac4b1725be3555460842b1fbe919e') in 0.005319 seconds 
========================================================================
Received Import Request.
  Time since last request: 24.941647 seconds.
  path: Assets/Medieval_pixel_art_asset_FREE/Textures
  artifactKey: Guid(d91241baa713a0d4a812a1d5aee49972) Importer(815301076,1909f56bfc062723c751e8b465ee728b)
Start importing Assets/Medieval_pixel_art_asset_FREE/Textures using Guid(d91241baa713a0d4a812a1d5aee49972) Importer(815301076,1909f56bfc062723c751e8b465ee728b)  -> (artifact id: '5e9127dc4b6ad6bdce7a29f12a0f615e') in 0.005304 seconds 
========================================================================
Received Import Request.
  Time since last request: 0.071604 seconds.
  path: Assets/Medieval_pixel_art_asset_FREE/Textures/Medieval_props_free.png
  artifactKey: Guid(ae3918a914038694d852d0bb81f62473) Importer(815301076,1909f56bfc062723c751e8b465ee728b)
Start importing Assets/Medieval_pixel_art_asset_FREE/Textures/Medieval_props_free.png using Guid(ae3918a914038694d852d0bb81f62473) Importer(815301076,1909f56bfc062723c751e8b465ee728b)  -> (artifact id: 'f1f39505456d7779f3871825d239b593') in 0.098659 seconds 
========================================================================
Received Import Request.
  Time since last request: 250.321758 seconds.
  path: Assets/Medieval_pixel_art_asset_FREE/Tiles_free/Medieval_tiles_free2_0.asset
  artifactKey: Guid(d9f98adac48e02c4ca93094b79d999d5) Importer(815301076,1909f56bfc062723c751e8b465ee728b)
Start importing Assets/Medieval_pixel_art_asset_FREE/Tiles_free/Medieval_tiles_free2_0.asset using Guid(d9f98adac48e02c4ca93094b79d999d5) Importer(815301076,1909f56bfc062723c751e8b465ee728b)  -> (artifact id: '08b7984141905193a3173b9174a9e3e4') in 0.018897 seconds 
========================================================================
Received Import Request.
  Time since last request: 0.022063 seconds.
  path: Assets/Medieval_pixel_art_asset_FREE/Tiles_free/Medieval_tiles_free2_4.asset
  artifactKey: Guid(171f86f8edb27b94bb438bc33e86bdc7) Importer(815301076,1909f56bfc062723c751e8b465ee728b)
Start importing Assets/Medieval_pixel_art_asset_FREE/Tiles_free/Medieval_tiles_free2_4.asset using Guid(171f86f8edb27b94bb438bc33e86bdc7) Importer(815301076,1909f56bfc062723c751e8b465ee728b)  -> (artifact id: '2fb43b16c7384d9777b11b878ee9b603') in 0.012967 seconds 
========================================================================
Received Import Request.
  Time since last request: 0.000021 seconds.
  path: Assets/Medieval_pixel_art_asset_FREE/Tiles_free/Medieval_tiles_free2_28.asset
  artifactKey: Guid(f1bcaf2a57ee8b743a9dd0f7d8d27aa5) Importer(815301076,1909f56bfc062723c751e8b465ee728b)
Start importing Assets/Medieval_pixel_art_asset_FREE/Tiles_free/Medieval_tiles_free2_28.asset using Guid(f1bcaf2a57ee8b743a9dd0f7d8d27aa5) Importer(815301076,1909f56bfc062723c751e8b465ee728b)  -> (artifact id: '73dcaef87d15e41c56603ffeb7e0b845') in 0.013689 seconds 
========================================================================
Received Import Request.
  Time since last request: 0.000016 seconds.
  path: Assets/Medieval_pixel_art_asset_FREE/Tiles_free/Medieval_tiles_free2_50.asset
  artifactKey: Guid(a4bb22a71934f524cb9bfbfdc56c7bc1) Importer(815301076,1909f56bfc062723c751e8b465ee728b)
Start importing Assets/Medieval_pixel_art_asset_FREE/Tiles_free/Medieval_tiles_free2_50.asset using Guid(a4bb22a71934f524cb9bfbfdc56c7bc1) Importer(815301076,1909f56bfc062723c751e8b465ee728b)  -> (artifact id: 'c21f2c38b4fafabbb02607aa5ceb8499') in 0.011771 seconds 
========================================================================
Received Import Request.
  Time since last request: 0.000017 seconds.
  path: Assets/Medieval_pixel_art_asset_FREE/Tiles_free/Medieval_tiles_free2_42.asset
  artifactKey: Guid(74ebba021b6c4634cb06399c746ff31b) Importer(815301076,1909f56bfc062723c751e8b465ee728b)
Start importing Assets/Medieval_pixel_art_asset_FREE/Tiles_free/Medieval_tiles_free2_42.asset using Guid(74ebba021b6c4634cb06399c746ff31b) Importer(815301076,1909f56bfc062723c751e8b465ee728b)  -> (artifact id: '1e4e9a284cfffbff9826fbfcba08093a') in 0.012579 seconds 
========================================================================
Received Import Request.
  Time since last request: 0.000017 seconds.
  path: Assets/Medieval_pixel_art_asset_FREE/Tiles_free/Medieval_tiles_free2_8.asset
  artifactKey: Guid(0e2cab3f02c7fb341a7d53298845604a) Importer(815301076,1909f56bfc062723c751e8b465ee728b)
Start importing Assets/Medieval_pixel_art_asset_FREE/Tiles_free/Medieval_tiles_free2_8.asset using Guid(0e2cab3f02c7fb341a7d53298845604a) Importer(815301076,1909f56bfc062723c751e8b465ee728b)  -> (artifact id: '7112e3cf94759ea403398384d55cb70b') in 0.012951 seconds 
========================================================================
Received Import Request.
  Time since last request: 0.000019 seconds.
  path: Assets/Medieval_pixel_art_asset_FREE/Tiles_free/Medieval_tiles_free2_40.asset
  artifactKey: Guid(0c613769e6d22c04cb0c20f59c3160ae) Importer(815301076,1909f56bfc062723c751e8b465ee728b)
Start importing Assets/Medieval_pixel_art_asset_FREE/Tiles_free/Medieval_tiles_free2_40.asset using Guid(0c613769e6d22c04cb0c20f59c3160ae) Importer(815301076,1909f56bfc062723c751e8b465ee728b)  -> (artifact id: '0f35082cadad36fa72db2c62abf05c13') in 0.011755 seconds 
========================================================================
Received Import Request.
  Time since last request: 0.000020 seconds.
  path: Assets/Medieval_pixel_art_asset_FREE/Tiles_free/Medieval_tiles_free2_79.asset
  artifactKey: Guid(5ff0c1793623d4d40807e8945cb109a7) Importer(815301076,1909f56bfc062723c751e8b465ee728b)
Start importing Assets/Medieval_pixel_art_asset_FREE/Tiles_free/Medieval_tiles_free2_79.asset using Guid(5ff0c1793623d4d40807e8945cb109a7) Importer(815301076,1909f56bfc062723c751e8b465ee728b)  -> (artifact id: 'b8591040d31a46c9a86ccb0db4e87d0c') in 0.010445 seconds 
========================================================================
Received Import Request.
  Time since last request: 0.000016 seconds.
  path: Assets/Medieval_pixel_art_asset_FREE/Tiles_free/Medieval_tiles_free2_62.asset
  artifactKey: Guid(07e731826059b264fa55dd97335be51b) Importer(815301076,1909f56bfc062723c751e8b465ee728b)
Start importing Assets/Medieval_pixel_art_asset_FREE/Tiles_free/Medieval_tiles_free2_62.asset using Guid(07e731826059b264fa55dd97335be51b) Importer(815301076,1909f56bfc062723c751e8b465ee728b)  -> (artifact id: '086efec4949aff79eb5b698658cd415a') in 0.010151 seconds 
========================================================================
Received Import Request.
  Time since last request: 0.000022 seconds.
  path: Assets/Medieval_pixel_art_asset_FREE/Tiles_free/Medieval_tiles_free2_17.asset
  artifactKey: Guid(1f5ec9855099f154c9a58ac3be8d2b1a) Importer(815301076,1909f56bfc062723c751e8b465ee728b)
Start importing Assets/Medieval_pixel_art_asset_FREE/Tiles_free/Medieval_tiles_free2_17.asset using Guid(1f5ec9855099f154c9a58ac3be8d2b1a) Importer(815301076,1909f56bfc062723c751e8b465ee728b)  -> (artifact id: '3abe06eebb01932dd38300d56a66417d') in 0.012160 seconds 
========================================================================
Received Import Request.
  Time since last request: 0.000021 seconds.
  path: Assets/Medieval_pixel_art_asset_FREE/Tiles_free/Medieval_tiles_free2_49.asset
  artifactKey: Guid(a5e6056865d9eab4dac9498881c5fcf8) Importer(815301076,1909f56bfc062723c751e8b465ee728b)
Start importing Assets/Medieval_pixel_art_asset_FREE/Tiles_free/Medieval_tiles_free2_49.asset using Guid(a5e6056865d9eab4dac9498881c5fcf8) Importer(815301076,1909f56bfc062723c751e8b465ee728b)  -> (artifact id: 'edb0f8c3e24405459078db33051e1ddd') in 0.103901 seconds 
========================================================================
Received Import Request.
  Time since last request: 0.000021 seconds.
  path: Assets/Medieval_pixel_art_asset_FREE/Tiles_free/Medieval_tiles_free2_26.asset
  artifactKey: Guid(e248ab13b7a066d44ad69da8e1877934) Importer(815301076,1909f56bfc062723c751e8b465ee728b)
Start importing Assets/Medieval_pixel_art_asset_FREE/Tiles_free/Medieval_tiles_free2_26.asset using Guid(e248ab13b7a066d44ad69da8e1877934) Importer(815301076,1909f56bfc062723c751e8b465ee728b)  -> (artifact id: '698d15d6af87c25bad8119c3abb6bcd6') in 0.010721 seconds 
========================================================================
Received Import Request.
  Time since last request: 0.000026 seconds.
  path: Assets/Medieval_pixel_art_asset_FREE/Tiles_free/Medieval_tiles_free2_2.asset
  artifactKey: Guid(e23f9ccbba15c6e4d93127ee72575a4f) Importer(815301076,1909f56bfc062723c751e8b465ee728b)
Start importing Assets/Medieval_pixel_art_asset_FREE/Tiles_free/Medieval_tiles_free2_2.asset using Guid(e23f9ccbba15c6e4d93127ee72575a4f) Importer(815301076,1909f56bfc062723c751e8b465ee728b)  -> (artifact id: '35fc819e57d3eaba409821c6e5e708bb') in 0.012322 seconds 
========================================================================
Received Import Request.
  Time since last request: 0.000017 seconds.
  path: Assets/Medieval_pixel_art_asset_FREE/Tiles_free/Medieval_tiles_free2_39.asset
  artifactKey: Guid(623aaf92a77c47b49a49e59d04951323) Importer(815301076,1909f56bfc062723c751e8b465ee728b)
Start importing Assets/Medieval_pixel_art_asset_FREE/Tiles_free/Medieval_tiles_free2_39.asset using Guid(623aaf92a77c47b49a49e59d04951323) Importer(815301076,1909f56bfc062723c751e8b465ee728b)  -> (artifact id: '114d518ec159e00fd10c76d4e8cccde9') in 0.011506 seconds 
========================================================================
Received Import Request.
  Time since last request: 0.000024 seconds.
  path: Assets/Medieval_pixel_art_asset_FREE/Tiles_free/Medieval_tiles_free2_56.asset
  artifactKey: Guid(8b5fd3f4903507840b77e6878986a4f7) Importer(815301076,1909f56bfc062723c751e8b465ee728b)
Start importing Assets/Medieval_pixel_art_asset_FREE/Tiles_free/Medieval_tiles_free2_56.asset using Guid(8b5fd3f4903507840b77e6878986a4f7) Importer(815301076,1909f56bfc062723c751e8b465ee728b)  -> (artifact id: '559880a45b7347bb4762b5436d8f6919') in 0.010988 seconds 
========================================================================
Received Import Request.
  Time since last request: 0.000024 seconds.
  path: Assets/Medieval_pixel_art_asset_FREE/Tiles_free/Medieval_tiles_free2_48.asset
  artifactKey: Guid(7f36776e1b185bd479fe5d20e2e23995) Importer(815301076,1909f56bfc062723c751e8b465ee728b)
Start importing Assets/Medieval_pixel_art_asset_FREE/Tiles_free/Medieval_tiles_free2_48.asset using Guid(7f36776e1b185bd479fe5d20e2e23995) Importer(815301076,1909f56bfc062723c751e8b465ee728b)  -> (artifact id: '3e30cbcf86cb7b8409e07e386c52efe1') in 0.020222 seconds 
========================================================================
Received Import Request.
  Time since last request: 0.000017 seconds.
  path: Assets/Medieval_pixel_art_asset_FREE/Tiles_free/Medieval_tiles_free2_58.asset
  artifactKey: Guid(d0c82a4d040e9ab4fa7921498aef3cde) Importer(815301076,1909f56bfc062723c751e8b465ee728b)
Start importing Assets/Medieval_pixel_art_asset_FREE/Tiles_free/Medieval_tiles_free2_58.asset using Guid(d0c82a4d040e9ab4fa7921498aef3cde) Importer(815301076,1909f56bfc062723c751e8b465ee728b)  -> (artifact id: 'aeeed74dc32e76a46e0e33e4f94da563') in 0.012683 seconds 
========================================================================
Received Import Request.
  Time since last request: 0.000017 seconds.
  path: Assets/Medieval_pixel_art_asset_FREE/Tiles_free/Medieval_tiles_free2_10.asset
  artifactKey: Guid(6f8ffdf4dd9eff74d826989fdc289ecc) Importer(815301076,1909f56bfc062723c751e8b465ee728b)
Start importing Assets/Medieval_pixel_art_asset_FREE/Tiles_free/Medieval_tiles_free2_10.asset using Guid(6f8ffdf4dd9eff74d826989fdc289ecc) Importer(815301076,1909f56bfc062723c751e8b465ee728b)  -> (artifact id: '767b3fe527b482a469072acb310535e2') in 0.073085 seconds 
========================================================================
Received Import Request.
  Time since last request: 0.000018 seconds.
  path: Assets/Medieval_pixel_art_asset_FREE/Tiles_free/Medieval_tiles_free2_31.asset
  artifactKey: Guid(384bd6f8a294d504db2f6dcd946cfc84) Importer(815301076,1909f56bfc062723c751e8b465ee728b)
Start importing Assets/Medieval_pixel_art_asset_FREE/Tiles_free/Medieval_tiles_free2_31.asset using Guid(384bd6f8a294d504db2f6dcd946cfc84) Importer(815301076,1909f56bfc062723c751e8b465ee728b)  -> (artifact id: 'b8cedafbce4558f0b8360591834a6ee2') in 0.010948 seconds 
========================================================================
Received Import Request.
  Time since last request: 0.000019 seconds.
  path: Assets/Medieval_pixel_art_asset_FREE/Tiles_free/Medieval_tiles_free2_30.asset
  artifactKey: Guid(3ca2bd8a728e7974385b6d5baa7945f4) Importer(815301076,1909f56bfc062723c751e8b465ee728b)
Start importing Assets/Medieval_pixel_art_asset_FREE/Tiles_free/Medieval_tiles_free2_30.asset using Guid(3ca2bd8a728e7974385b6d5baa7945f4) Importer(815301076,1909f56bfc062723c751e8b465ee728b)  -> (artifact id: '49a094d26d05fc6209371a28fac84658') in 0.011817 seconds 
========================================================================
Received Import Request.
  Time since last request: 0.000017 seconds.
  path: Assets/Medieval_pixel_art_asset_FREE/Tiles_free/Medieval_tiles_free2_11.asset
  artifactKey: Guid(bd0adafd2601bb74dacbd30d5efcd1d3) Importer(815301076,1909f56bfc062723c751e8b465ee728b)
Start importing Assets/Medieval_pixel_art_asset_FREE/Tiles_free/Medieval_tiles_free2_11.asset using Guid(bd0adafd2601bb74dacbd30d5efcd1d3) Importer(815301076,1909f56bfc062723c751e8b465ee728b)  -> (artifact id: '6f49780cfe74aeb17ecd176066a0c3dd') in 0.013810 seconds 
========================================================================
Received Import Request.
  Time since last request: 0.000023 seconds.
  path: Assets/Medieval_pixel_art_asset_FREE/Tiles_free/Medieval_tiles_free2_72.asset
  artifactKey: Guid(2f7bf868b7625964f99d392577b74060) Importer(815301076,1909f56bfc062723c751e8b465ee728b)
Start importing Assets/Medieval_pixel_art_asset_FREE/Tiles_free/Medieval_tiles_free2_72.asset using Guid(2f7bf868b7625964f99d392577b74060) Importer(815301076,1909f56bfc062723c751e8b465ee728b)  -> (artifact id: '522b8270ca96175e4fa81b1cc5106b0c') in 0.011791 seconds 
========================================================================
Received Import Request.
  Time since last request: 0.000020 seconds.
  path: Assets/Medieval_pixel_art_asset_FREE/Tiles_free/Medieval_tiles_free2_36.asset
  artifactKey: Guid(f4e6b983780735f4ebdae217da51f126) Importer(815301076,1909f56bfc062723c751e8b465ee728b)
Start importing Assets/Medieval_pixel_art_asset_FREE/Tiles_free/Medieval_tiles_free2_36.asset using Guid(f4e6b983780735f4ebdae217da51f126) Importer(815301076,1909f56bfc062723c751e8b465ee728b)  -> (artifact id: 'bbb5ff8e09bcf7232bcc1a5d83f51f66') in 0.031159 seconds 
========================================================================
Received Import Request.
  Time since last request: 0.000016 seconds.
  path: Assets/Medieval_pixel_art_asset_FREE/Tiles_free/Medieval_tiles_free2_24.asset
  artifactKey: Guid(3ba78f7ac22c9d84caac47bf2347cb4c) Importer(815301076,1909f56bfc062723c751e8b465ee728b)
Start importing Assets/Medieval_pixel_art_asset_FREE/Tiles_free/Medieval_tiles_free2_24.asset using Guid(3ba78f7ac22c9d84caac47bf2347cb4c) Importer(815301076,1909f56bfc062723c751e8b465ee728b)  -> (artifact id: 'e99ca6df81b1deba15f48a81d3944ac7') in 0.014041 seconds 
========================================================================
Received Import Request.
  Time since last request: 0.000022 seconds.
  path: Assets/Medieval_pixel_art_asset_FREE/Tiles_free/Medieval_tiles_free2_65.asset
  artifactKey: Guid(1bc8d63dc35d75e4d89c90a5c9be0097) Importer(815301076,1909f56bfc062723c751e8b465ee728b)
Start importing Assets/Medieval_pixel_art_asset_FREE/Tiles_free/Medieval_tiles_free2_65.asset using Guid(1bc8d63dc35d75e4d89c90a5c9be0097) Importer(815301076,1909f56bfc062723c751e8b465ee728b)  -> (artifact id: 'a24f7fd4066520d936a9d18190ac6cb5') in 0.011057 seconds 
========================================================================
Received Import Request.
  Time since last request: 0.000024 seconds.
  path: Assets/Medieval_pixel_art_asset_FREE/Tiles_free/Medieval_tiles_free2_45.asset
  artifactKey: Guid(3128955341263c74090c006ed71470a2) Importer(815301076,1909f56bfc062723c751e8b465ee728b)
Start importing Assets/Medieval_pixel_art_asset_FREE/Tiles_free/Medieval_tiles_free2_45.asset using Guid(3128955341263c74090c006ed71470a2) Importer(815301076,1909f56bfc062723c751e8b465ee728b)  -> (artifact id: 'c0db6ee24440bfb38f21b6d583f8b122') in 0.012290 seconds 
========================================================================
Received Import Request.
  Time since last request: 0.000019 seconds.
  path: Assets/Medieval_pixel_art_asset_FREE/Tiles_free/Medieval_tiles_free2_34.asset
  artifactKey: Guid(c5ad727bbcad46240b1d37ecf3f275f7) Importer(815301076,1909f56bfc062723c751e8b465ee728b)
Start importing Assets/Medieval_pixel_art_asset_FREE/Tiles_free/Medieval_tiles_free2_34.asset using Guid(c5ad727bbcad46240b1d37ecf3f275f7) Importer(815301076,1909f56bfc062723c751e8b465ee728b)  -> (artifact id: '9e3d61db518b99e1133dc7075ae3e91a') in 0.011378 seconds 
========================================================================
Received Import Request.
  Time since last request: 0.000016 seconds.
  path: Assets/Medieval_pixel_art_asset_FREE/Tiles_free/Medieval_tiles_free2_12.asset
  artifactKey: Guid(c5d5c0047362956438d3faa1d935620b) Importer(815301076,1909f56bfc062723c751e8b465ee728b)
Start importing Assets/Medieval_pixel_art_asset_FREE/Tiles_free/Medieval_tiles_free2_12.asset using Guid(c5d5c0047362956438d3faa1d935620b) Importer(815301076,1909f56bfc062723c751e8b465ee728b)  -> (artifact id: '4f9a8cf386a0700c9c386086a893bd80') in 0.011980 seconds 
========================================================================
Received Import Request.
  Time since last request: 0.000017 seconds.
  path: Assets/Medieval_pixel_art_asset_FREE/Tiles_free/Medieval_tiles_free2_29.asset
  artifactKey: Guid(0fae4d02d118d244c858d0ea12fb2d6c) Importer(815301076,1909f56bfc062723c751e8b465ee728b)
Start importing Assets/Medieval_pixel_art_asset_FREE/Tiles_free/Medieval_tiles_free2_29.asset using Guid(0fae4d02d118d244c858d0ea12fb2d6c) Importer(815301076,1909f56bfc062723c751e8b465ee728b)  -> (artifact id: '9445e27b771bd2da442741d8b34fe8b4') in 0.011697 seconds 
========================================================================
Received Import Request.
  Time since last request: 0.000017 seconds.
  path: Assets/Medieval_pixel_art_asset_FREE/Tiles_free/Medieval_tiles_free2_32.asset
  artifactKey: Guid(b9eda2a54a9f40348804c9aaabe17b1d) Importer(815301076,1909f56bfc062723c751e8b465ee728b)
Start importing Assets/Medieval_pixel_art_asset_FREE/Tiles_free/Medieval_tiles_free2_32.asset using Guid(b9eda2a54a9f40348804c9aaabe17b1d) Importer(815301076,1909f56bfc062723c751e8b465ee728b)  -> (artifact id: '233b83ee4cebdb0149fac1dd2859a191') in 0.012639 seconds 
========================================================================
Received Import Request.
  Time since last request: 0.000016 seconds.
  path: Assets/Medieval_pixel_art_asset_FREE/Tiles_free/Medieval_tiles_free2_44.asset
  artifactKey: Guid(954409f4ba53fb24a9eb9592050da5b5) Importer(815301076,1909f56bfc062723c751e8b465ee728b)
Start importing Assets/Medieval_pixel_art_asset_FREE/Tiles_free/Medieval_tiles_free2_44.asset using Guid(954409f4ba53fb24a9eb9592050da5b5) Importer(815301076,1909f56bfc062723c751e8b465ee728b)  -> (artifact id: '0ddbb511257ebd850f0683dfbaf9579c') in 0.011764 seconds 
========================================================================
Received Import Request.
  Time since last request: 0.000024 seconds.
  path: Assets/Medieval_pixel_art_asset_FREE/Tiles_free/Medieval_tiles_free2_7.asset
  artifactKey: Guid(0dbd2c7dd43603c4f8d08d7964404ad0) Importer(815301076,1909f56bfc062723c751e8b465ee728b)
Start importing Assets/Medieval_pixel_art_asset_FREE/Tiles_free/Medieval_tiles_free2_7.asset using Guid(0dbd2c7dd43603c4f8d08d7964404ad0) Importer(815301076,1909f56bfc062723c751e8b465ee728b)  -> (artifact id: 'd7c7353758e6442ca1aef2c5ba119f39') in 0.012661 seconds 
========================================================================
Received Import Request.
  Time since last request: 0.000021 seconds.
  path: Assets/Medieval_pixel_art_asset_FREE/Tiles_free/Medieval_tiles_free2_64.asset
  artifactKey: Guid(44deb446fe8ddff42899a201ef75789a) Importer(815301076,1909f56bfc062723c751e8b465ee728b)
Start importing Assets/Medieval_pixel_art_asset_FREE/Tiles_free/Medieval_tiles_free2_64.asset using Guid(44deb446fe8ddff42899a201ef75789a) Importer(815301076,1909f56bfc062723c751e8b465ee728b)  -> (artifact id: '02e1304a9dd30a2a059e9c14b0aba07e') in 0.013785 seconds 
========================================================================
Received Import Request.
  Time since last request: 0.000023 seconds.
  path: Assets/Medieval_pixel_art_asset_FREE/Tiles_free/Medieval_tiles_free2_47.asset
  artifactKey: Guid(d6dcffd7ba5598f498736d5eef96c311) Importer(815301076,1909f56bfc062723c751e8b465ee728b)
Start importing Assets/Medieval_pixel_art_asset_FREE/Tiles_free/Medieval_tiles_free2_47.asset using Guid(d6dcffd7ba5598f498736d5eef96c311) Importer(815301076,1909f56bfc062723c751e8b465ee728b)  -> (artifact id: 'ae9a7b3c059256217a5d0da2088ecd41') in 0.013938 seconds 
========================================================================
Received Import Request.
  Time since last request: 0.000027 seconds.
  path: Assets/Medieval_pixel_art_asset_FREE/Tiles_free/Medieval_tiles_free2_74.asset
  artifactKey: Guid(3da4324532840ab47b24c4e7a77daf44) Importer(815301076,1909f56bfc062723c751e8b465ee728b)
Start importing Assets/Medieval_pixel_art_asset_FREE/Tiles_free/Medieval_tiles_free2_74.asset using Guid(3da4324532840ab47b24c4e7a77daf44) Importer(815301076,1909f56bfc062723c751e8b465ee728b)  -> (artifact id: 'fbd7e383784d5bfcc26481d529a5f97d') in 0.011893 seconds 
========================================================================
Received Import Request.
  Time since last request: 0.000019 seconds.
  path: Assets/Medieval_pixel_art_asset_FREE/Tiles_free/Medieval_tiles_free2_25.asset
  artifactKey: Guid(45b87adb5b36d1a419ec58982723b566) Importer(815301076,1909f56bfc062723c751e8b465ee728b)
Start importing Assets/Medieval_pixel_art_asset_FREE/Tiles_free/Medieval_tiles_free2_25.asset using Guid(45b87adb5b36d1a419ec58982723b566) Importer(815301076,1909f56bfc062723c751e8b465ee728b)  -> (artifact id: '42dd3e81f715f3396e1eaeb61842fd79') in 0.012408 seconds 
========================================================================
Received Import Request.
  Time since last request: 0.000022 seconds.
  path: Assets/Medieval_pixel_art_asset_FREE/Tiles_free/Medieval_tiles_free2_70.asset
  artifactKey: Guid(bffde621c5c2ba544ab421bf55b9ff59) Importer(815301076,1909f56bfc062723c751e8b465ee728b)
Start importing Assets/Medieval_pixel_art_asset_FREE/Tiles_free/Medieval_tiles_free2_70.asset using Guid(bffde621c5c2ba544ab421bf55b9ff59) Importer(815301076,1909f56bfc062723c751e8b465ee728b)  -> (artifact id: '579c2f916a5ee7a0aa7987d5d508eee1') in 0.012445 seconds 
========================================================================
Received Import Request.
  Time since last request: 0.000016 seconds.
  path: Assets/Medieval_pixel_art_asset_FREE/Tiles_free/Medieval_tiles_free2_27.asset
  artifactKey: Guid(e54df89b4f95dd74ba08f64cdf6af519) Importer(815301076,1909f56bfc062723c751e8b465ee728b)
Start importing Assets/Medieval_pixel_art_asset_FREE/Tiles_free/Medieval_tiles_free2_27.asset using Guid(e54df89b4f95dd74ba08f64cdf6af519) Importer(815301076,1909f56bfc062723c751e8b465ee728b)  -> (artifact id: 'bb54881cc30956abd987094f7bba479c') in 0.011559 seconds 
========================================================================
Received Import Request.
  Time since last request: 0.000021 seconds.
  path: Assets/Medieval_pixel_art_asset_FREE/Tiles_free/Medieval_tiles_free2_20.asset
  artifactKey: Guid(a62abee5790bdde47aab392a0a9a4b34) Importer(815301076,1909f56bfc062723c751e8b465ee728b)
Start importing Assets/Medieval_pixel_art_asset_FREE/Tiles_free/Medieval_tiles_free2_20.asset using Guid(a62abee5790bdde47aab392a0a9a4b34) Importer(815301076,1909f56bfc062723c751e8b465ee728b)  -> (artifact id: '9be636b026f0790e655408780668826e') in 0.012570 seconds 
========================================================================
Received Import Request.
  Time since last request: 0.161857 seconds.
  path: Assets/Medieval_pixel_art_asset_FREE/Tiles_free/Medieval_tiles_free2_81.asset
  artifactKey: Guid(5004cd090d4492a4dbbd99435955192a) Importer(815301076,1909f56bfc062723c751e8b465ee728b)
Start importing Assets/Medieval_pixel_art_asset_FREE/Tiles_free/Medieval_tiles_free2_81.asset using Guid(5004cd090d4492a4dbbd99435955192a) Importer(815301076,1909f56bfc062723c751e8b465ee728b)  -> (artifact id: 'b99039574acd3a459ef3992e574a7ddf') in 0.012783 seconds 
========================================================================
Received Import Request.
  Time since last request: 0.000021 seconds.
  path: Assets/Medieval_pixel_art_asset_FREE/Tiles_free/Medieval_tiles_free2_96.asset
  artifactKey: Guid(32dd2376552e01e4b88327b9b4d0e2de) Importer(815301076,1909f56bfc062723c751e8b465ee728b)
Start importing Assets/Medieval_pixel_art_asset_FREE/Tiles_free/Medieval_tiles_free2_96.asset using Guid(32dd2376552e01e4b88327b9b4d0e2de) Importer(815301076,1909f56bfc062723c751e8b465ee728b)  -> (artifact id: 'e9cf988829b38a191b7e55eb364aca84') in 0.012590 seconds 
========================================================================
Received Import Request.
  Time since last request: 0.000015 seconds.
  path: Assets/Medieval_pixel_art_asset_FREE/Tiles_free/Medieval_tiles_free2_93.asset
  artifactKey: Guid(7839e178ca63d774dbaa88f724267c3a) Importer(815301076,1909f56bfc062723c751e8b465ee728b)
Start importing Assets/Medieval_pixel_art_asset_FREE/Tiles_free/Medieval_tiles_free2_93.asset using Guid(7839e178ca63d774dbaa88f724267c3a) Importer(815301076,1909f56bfc062723c751e8b465ee728b)  -> (artifact id: '51fed7ebd9d093528b4c7cf133efc0b6') in 0.011429 seconds 
========================================================================
Received Import Request.
  Time since last request: 0.000015 seconds.
  path: Assets/Medieval_pixel_art_asset_FREE/Tiles_free/Medieval_tiles_free2_112.asset
  artifactKey: Guid(982914e9bf0c83f4581e24181e2b4ace) Importer(815301076,1909f56bfc062723c751e8b465ee728b)
Start importing Assets/Medieval_pixel_art_asset_FREE/Tiles_free/Medieval_tiles_free2_112.asset using Guid(982914e9bf0c83f4581e24181e2b4ace) Importer(815301076,1909f56bfc062723c751e8b465ee728b)  -> (artifact id: 'c8f87a60c2d0537503193b5891defe37') in 0.012423 seconds 
========================================================================
Received Import Request.
  Time since last request: 0.000024 seconds.
  path: Assets/Medieval_pixel_art_asset_FREE/Tiles_free/Medieval_tiles_free2_124.asset
  artifactKey: Guid(65c19bed8280195498348ebf482db9a7) Importer(815301076,1909f56bfc062723c751e8b465ee728b)
Start importing Assets/Medieval_pixel_art_asset_FREE/Tiles_free/Medieval_tiles_free2_124.asset using Guid(65c19bed8280195498348ebf482db9a7) Importer(815301076,1909f56bfc062723c751e8b465ee728b)  -> (artifact id: 'eade28183d307c135679f197e9bcda00') in 0.012034 seconds 
========================================================================
Received Import Request.
  Time since last request: 0.000018 seconds.
  path: Assets/Medieval_pixel_art_asset_FREE/Tiles_free/Medieval_tiles_free2_127.asset
  artifactKey: Guid(20ad6d673310d0441ae263cf3523851e) Importer(815301076,1909f56bfc062723c751e8b465ee728b)
Start importing Assets/Medieval_pixel_art_asset_FREE/Tiles_free/Medieval_tiles_free2_127.asset using Guid(20ad6d673310d0441ae263cf3523851e) Importer(815301076,1909f56bfc062723c751e8b465ee728b)  -> (artifact id: '72bb34bbc4ace30e84c4932db05c4948') in 0.012093 seconds 
========================================================================
Received Import Request.
  Time since last request: 0.000018 seconds.
  path: Assets/Medieval_pixel_art_asset_FREE/Tiles_free/Medieval_tiles_free2_98.asset
  artifactKey: Guid(bb584ce50cd305949b9bc0c108467129) Importer(815301076,1909f56bfc062723c751e8b465ee728b)
Start importing Assets/Medieval_pixel_art_asset_FREE/Tiles_free/Medieval_tiles_free2_98.asset using Guid(bb584ce50cd305949b9bc0c108467129) Importer(815301076,1909f56bfc062723c751e8b465ee728b)  -> (artifact id: '2d2df223d85c8028507c09d6490430db') in 0.011157 seconds 
========================================================================
Received Import Request.
  Time since last request: 0.000020 seconds.
  path: Assets/Medieval_pixel_art_asset_FREE/Tiles_free/Medieval_tiles_free2_113.asset
  artifactKey: Guid(dc3f66d233574ae409780b730a934931) Importer(815301076,1909f56bfc062723c751e8b465ee728b)
Start importing Assets/Medieval_pixel_art_asset_FREE/Tiles_free/Medieval_tiles_free2_113.asset using Guid(dc3f66d233574ae409780b730a934931) Importer(815301076,1909f56bfc062723c751e8b465ee728b)  -> (artifact id: 'c99aa717df98b98190bf38258ec157ec') in 0.011719 seconds 
========================================================================
Received Import Request.
  Time since last request: 0.000018 seconds.
  path: Assets/Medieval_pixel_art_asset_FREE/Tiles_free/Medieval_tiles_free2_84.asset
  artifactKey: Guid(edebfe5eb56613e45b0c1ab49191c536) Importer(815301076,1909f56bfc062723c751e8b465ee728b)
Start importing Assets/Medieval_pixel_art_asset_FREE/Tiles_free/Medieval_tiles_free2_84.asset using Guid(edebfe5eb56613e45b0c1ab49191c536) Importer(815301076,1909f56bfc062723c751e8b465ee728b)  -> (artifact id: '2c0541607fd734487b86705dcfab16c3') in 0.010810 seconds 
========================================================================
Received Import Request.
  Time since last request: 0.000018 seconds.
  path: Assets/Medieval_pixel_art_asset_FREE/Tiles_free/Medieval_tiles_free2_108.asset
  artifactKey: Guid(0c772ce0a07ae7b4d90ff2ddc597228a) Importer(815301076,1909f56bfc062723c751e8b465ee728b)
Start importing Assets/Medieval_pixel_art_asset_FREE/Tiles_free/Medieval_tiles_free2_108.asset using Guid(0c772ce0a07ae7b4d90ff2ddc597228a) Importer(815301076,1909f56bfc062723c751e8b465ee728b)  -> (artifact id: 'a40d5ec6ee0ddf1abc3ca0ffc0718572') in 0.011486 seconds 
========================================================================
Received Import Request.
  Time since last request: 0.000026 seconds.
  path: Assets/Medieval_pixel_art_asset_FREE/Tiles_free/Medieval_tiles_free2_118.asset
  artifactKey: Guid(fe7bbf08a0c290844af309b90907dbbb) Importer(815301076,1909f56bfc062723c751e8b465ee728b)
Start importing Assets/Medieval_pixel_art_asset_FREE/Tiles_free/Medieval_tiles_free2_118.asset using Guid(fe7bbf08a0c290844af309b90907dbbb) Importer(815301076,1909f56bfc062723c751e8b465ee728b)  -> (artifact id: 'b8b75350eee5d5bdab11f3b523a9110c') in 0.011415 seconds 
========================================================================
Received Import Request.
  Time since last request: 0.000018 seconds.
  path: Assets/Medieval_pixel_art_asset_FREE/Tiles_free/Medieval_tiles_free2_125.asset
  artifactKey: Guid(6117a4b5cbcb9f54db23f290e1355d1a) Importer(815301076,1909f56bfc062723c751e8b465ee728b)
Start importing Assets/Medieval_pixel_art_asset_FREE/Tiles_free/Medieval_tiles_free2_125.asset using Guid(6117a4b5cbcb9f54db23f290e1355d1a) Importer(815301076,1909f56bfc062723c751e8b465ee728b)  -> (artifact id: '7ee81600bc20ecd2fbde7f98364c3005') in 0.011594 seconds 
========================================================================
Received Import Request.
  Time since last request: 0.000020 seconds.
  path: Assets/Medieval_pixel_art_asset_FREE/Tiles_free/Medieval_tiles_free2_119.asset
  artifactKey: Guid(b03f3ba6b7478d14db78aaec91c74cb8) Importer(815301076,1909f56bfc062723c751e8b465ee728b)
Start importing Assets/Medieval_pixel_art_asset_FREE/Tiles_free/Medieval_tiles_free2_119.asset using Guid(b03f3ba6b7478d14db78aaec91c74cb8) Importer(815301076,1909f56bfc062723c751e8b465ee728b)  -> (artifact id: '8dabe0d4bf65b4a4df7834b0a90d9521') in 0.013776 seconds 
========================================================================
Received Import Request.
  Time since last request: 0.000016 seconds.
  path: Assets/Medieval_pixel_art_asset_FREE/Tiles_free/Medieval_tiles_free2_109.asset
  artifactKey: Guid(e41f087459d92864cb81c0b53c3bd8b3) Importer(815301076,1909f56bfc062723c751e8b465ee728b)
Start importing Assets/Medieval_pixel_art_asset_FREE/Tiles_free/Medieval_tiles_free2_109.asset using Guid(e41f087459d92864cb81c0b53c3bd8b3) Importer(815301076,1909f56bfc062723c751e8b465ee728b)  -> (artifact id: '4d888e5ffc243a9f7c5ee494f4db2430') in 0.011669 seconds 
========================================================================
Received Import Request.
  Time since last request: 0.000016 seconds.
  path: Assets/Medieval_pixel_art_asset_FREE/Tiles_free/Medieval_tiles_free2_89.asset
  artifactKey: Guid(a41c5be3fa5d77d47a53d8dae4eca2a7) Importer(815301076,1909f56bfc062723c751e8b465ee728b)
Start importing Assets/Medieval_pixel_art_asset_FREE/Tiles_free/Medieval_tiles_free2_89.asset using Guid(a41c5be3fa5d77d47a53d8dae4eca2a7) Importer(815301076,1909f56bfc062723c751e8b465ee728b)  -> (artifact id: '4a29c3c369e64ffcc1147a6e47df40c9') in 0.012542 seconds 
========================================================================
Received Import Request.
  Time since last request: 0.000016 seconds.
  path: Assets/Medieval_pixel_art_asset_FREE/Tiles_free/Medieval_tiles_free2_121.asset
  artifactKey: Guid(3bc8684c8bcf8ae4fa089767112fbd7f) Importer(815301076,1909f56bfc062723c751e8b465ee728b)
Start importing Assets/Medieval_pixel_art_asset_FREE/Tiles_free/Medieval_tiles_free2_121.asset using Guid(3bc8684c8bcf8ae4fa089767112fbd7f) Importer(815301076,1909f56bfc062723c751e8b465ee728b)  -> (artifact id: 'b5c70d76719ff1654844afde7ea050d6') in 0.011605 seconds 
========================================================================
Received Import Request.
  Time since last request: 0.000014 seconds.
  path: Assets/Medieval_pixel_art_asset_FREE/Tiles_free/Medieval_tiles_free2_122.asset
  artifactKey: Guid(8268af28073d6b44d89f1c2365de8e68) Importer(815301076,1909f56bfc062723c751e8b465ee728b)
Start importing Assets/Medieval_pixel_art_asset_FREE/Tiles_free/Medieval_tiles_free2_122.asset using Guid(8268af28073d6b44d89f1c2365de8e68) Importer(815301076,1909f56bfc062723c751e8b465ee728b)  -> (artifact id: '23ae926ea59cb0e88811a1ba72f315c6') in 0.011760 seconds 
========================================================================
Received Import Request.
  Time since last request: 0.000013 seconds.
  path: Assets/Medieval_pixel_art_asset_FREE/Tiles_free/Medieval_tiles_free2_97.asset
  artifactKey: Guid(78e61841b3a727140835283c3dbbec06) Importer(815301076,1909f56bfc062723c751e8b465ee728b)
Start importing Assets/Medieval_pixel_art_asset_FREE/Tiles_free/Medieval_tiles_free2_97.asset using Guid(78e61841b3a727140835283c3dbbec06) Importer(815301076,1909f56bfc062723c751e8b465ee728b)  -> (artifact id: 'c72e96550e4616106ead28a288e90aea') in 0.011656 seconds 
========================================================================
Received Import Request.
  Time since last request: 0.000016 seconds.
  path: Assets/Medieval_pixel_art_asset_FREE/Tiles_free/Medieval_tiles_free2_132.asset
  artifactKey: Guid(97b7109c43351994f89972c153b6ed18) Importer(815301076,1909f56bfc062723c751e8b465ee728b)
Start importing Assets/Medieval_pixel_art_asset_FREE/Tiles_free/Medieval_tiles_free2_132.asset using Guid(97b7109c43351994f89972c153b6ed18) Importer(815301076,1909f56bfc062723c751e8b465ee728b)  -> (artifact id: 'f331202cc73d128a4afb729aaa31625f') in 0.011473 seconds 
========================================================================
Received Import Request.
  Time since last request: 0.000020 seconds.
  path: Assets/Medieval_pixel_art_asset_FREE/Tiles_free/Medieval_tiles_free2_104.asset
  artifactKey: Guid(22c99bc047967e04896bef12bd77e11c) Importer(815301076,1909f56bfc062723c751e8b465ee728b)
Start importing Assets/Medieval_pixel_art_asset_FREE/Tiles_free/Medieval_tiles_free2_104.asset using Guid(22c99bc047967e04896bef12bd77e11c) Importer(815301076,1909f56bfc062723c751e8b465ee728b)  -> (artifact id: '0a95258b601814b47a616b2dedb1d25b') in 0.014276 seconds 
========================================================================
Received Import Request.
  Time since last request: 0.000016 seconds.
  path: Assets/Medieval_pixel_art_asset_FREE/Tiles_free/Medieval_tiles_free2_156.asset
  artifactKey: Guid(e1c73f50c97f9b44abe4ea136a62ddd5) Importer(815301076,1909f56bfc062723c751e8b465ee728b)
Start importing Assets/Medieval_pixel_art_asset_FREE/Tiles_free/Medieval_tiles_free2_156.asset using Guid(e1c73f50c97f9b44abe4ea136a62ddd5) Importer(815301076,1909f56bfc062723c751e8b465ee728b)  -> (artifact id: 'd23deecd9023a4af2441138b49e45641') in 0.011459 seconds 
========================================================================
Received Import Request.
  Time since last request: 0.000026 seconds.
  path: Assets/Medieval_pixel_art_asset_FREE/Tiles_free/Medieval_tiles_free2_135.asset
  artifactKey: Guid(950abedb3825fcf45be89c918f686dc8) Importer(815301076,1909f56bfc062723c751e8b465ee728b)
Start importing Assets/Medieval_pixel_art_asset_FREE/Tiles_free/Medieval_tiles_free2_135.asset using Guid(950abedb3825fcf45be89c918f686dc8) Importer(815301076,1909f56bfc062723c751e8b465ee728b)  -> (artifact id: '331a5e52b776928848c0a2e3ac0d0655') in 0.011966 seconds 
========================================================================
Received Import Request.
  Time since last request: 0.000018 seconds.
  path: Assets/Medieval_pixel_art_asset_FREE/Tiles_free/Medieval_tiles_free2_169.asset
  artifactKey: Guid(d20a04a5ee2b93d48ba5ed0b7e8162a0) Importer(815301076,1909f56bfc062723c751e8b465ee728b)
Start importing Assets/Medieval_pixel_art_asset_FREE/Tiles_free/Medieval_tiles_free2_169.asset using Guid(d20a04a5ee2b93d48ba5ed0b7e8162a0) Importer(815301076,1909f56bfc062723c751e8b465ee728b)  -> (artifact id: '4d627de910764086611118ccd144d2bd') in 0.011916 seconds 
========================================================================
Received Import Request.
  Time since last request: 0.000027 seconds.
  path: Assets/Medieval_pixel_art_asset_FREE/Tiles_free/Medieval_tiles_free2_136.asset
  artifactKey: Guid(5cb89e68aa312fd47bc29afdd0558369) Importer(815301076,1909f56bfc062723c751e8b465ee728b)
Start importing Assets/Medieval_pixel_art_asset_FREE/Tiles_free/Medieval_tiles_free2_136.asset using Guid(5cb89e68aa312fd47bc29afdd0558369) Importer(815301076,1909f56bfc062723c751e8b465ee728b)  -> (artifact id: 'c41d8d9bd759bb85f55606deb6d97fe2') in 0.011573 seconds 
========================================================================
Received Import Request.
  Time since last request: 0.000015 seconds.
  path: Assets/Medieval_pixel_art_asset_FREE/Tiles_free/Medieval_tiles_free2_142.asset
  artifactKey: Guid(fcb3667d9e9d0ef43be0442f7becb63d) Importer(815301076,1909f56bfc062723c751e8b465ee728b)
Start importing Assets/Medieval_pixel_art_asset_FREE/Tiles_free/Medieval_tiles_free2_142.asset using Guid(fcb3667d9e9d0ef43be0442f7becb63d) Importer(815301076,1909f56bfc062723c751e8b465ee728b)  -> (artifact id: '9189eb5010813d87d2ffa916acac3245') in 0.011453 seconds 
========================================================================
Received Import Request.
  Time since last request: 0.000017 seconds.
  path: Assets/Medieval_pixel_art_asset_FREE/Tiles_free/Medieval_tiles_free2_162.asset
  artifactKey: Guid(ed0437fdaeb75f642be7c7bc6c677a01) Importer(815301076,1909f56bfc062723c751e8b465ee728b)
Start importing Assets/Medieval_pixel_art_asset_FREE/Tiles_free/Medieval_tiles_free2_162.asset using Guid(ed0437fdaeb75f642be7c7bc6c677a01) Importer(815301076,1909f56bfc062723c751e8b465ee728b)  -> (artifact id: 'db806e74594dddb4c5e34f3498603c28') in 0.011541 seconds 
========================================================================
Received Import Request.
  Time since last request: 0.000017 seconds.
  path: Assets/Medieval_pixel_art_asset_FREE/Tiles_free/Medieval_tiles_free2_165.asset
  artifactKey: Guid(abda9aa6300cb6f41b158d099eca5d4d) Importer(815301076,1909f56bfc062723c751e8b465ee728b)
Start importing Assets/Medieval_pixel_art_asset_FREE/Tiles_free/Medieval_tiles_free2_165.asset using Guid(abda9aa6300cb6f41b158d099eca5d4d) Importer(815301076,1909f56bfc062723c751e8b465ee728b)  -> (artifact id: 'cb6c0249b57edcae5be9be62c09f0f78') in 0.011276 seconds 
========================================================================
Received Import Request.
  Time since last request: 0.000016 seconds.
  path: Assets/Medieval_pixel_art_asset_FREE/Tiles_free/Medieval_tiles_free2_129.asset
  artifactKey: Guid(ff07edf7de3fcf947a488f41bf17fbc5) Importer(815301076,1909f56bfc062723c751e8b465ee728b)
Start importing Assets/Medieval_pixel_art_asset_FREE/Tiles_free/Medieval_tiles_free2_129.asset using Guid(ff07edf7de3fcf947a488f41bf17fbc5) Importer(815301076,1909f56bfc062723c751e8b465ee728b)  -> (artifact id: '66103d2689427d5e2f8dcd49508707c5') in 0.011931 seconds 
========================================================================
Received Import Request.
  Time since last request: 0.000018 seconds.
  path: Assets/Medieval_pixel_art_asset_FREE/Tiles_free/Medieval_tiles_free2_147.asset
  artifactKey: Guid(2f64576086942ad4b8a4b22acb0fe2c4) Importer(815301076,1909f56bfc062723c751e8b465ee728b)
Start importing Assets/Medieval_pixel_art_asset_FREE/Tiles_free/Medieval_tiles_free2_147.asset using Guid(2f64576086942ad4b8a4b22acb0fe2c4) Importer(815301076,1909f56bfc062723c751e8b465ee728b)  -> (artifact id: 'f53f1bb8fe7fecc19c3b03288253d3b6') in 0.012246 seconds 
========================================================================
Received Import Request.
  Time since last request: 0.000016 seconds.
  path: Assets/Medieval_pixel_art_asset_FREE/Tiles_free/Medieval_tiles_free2_103.asset
  artifactKey: Guid(d358db5499a17b54da0b7541e73aad5c) Importer(815301076,1909f56bfc062723c751e8b465ee728b)
Start importing Assets/Medieval_pixel_art_asset_FREE/Tiles_free/Medieval_tiles_free2_103.asset using Guid(d358db5499a17b54da0b7541e73aad5c) Importer(815301076,1909f56bfc062723c751e8b465ee728b)  -> (artifact id: 'b5ec8f912f736361823ebec64410d917') in 0.011224 seconds 
========================================================================
Received Import Request.
  Time since last request: 0.000024 seconds.
  path: Assets/Medieval_pixel_art_asset_FREE/Tiles_free/Medieval_tiles_free2_133.asset
  artifactKey: Guid(fdbaf32fb853b8c49b6fce7cb3e1b66d) Importer(815301076,1909f56bfc062723c751e8b465ee728b)
Start importing Assets/Medieval_pixel_art_asset_FREE/Tiles_free/Medieval_tiles_free2_133.asset using Guid(fdbaf32fb853b8c49b6fce7cb3e1b66d) Importer(815301076,1909f56bfc062723c751e8b465ee728b)  -> (artifact id: 'bb7ceb436a8e1ca32f3a1a6b7b352bb8') in 0.038490 seconds 
========================================================================
Received Import Request.
  Time since last request: 0.000015 seconds.
  path: Assets/Medieval_pixel_art_asset_FREE/Tiles_free/Medieval_tiles_free2_138.asset
  artifactKey: Guid(bc281a4956e6ca446a7465e3d7f45af3) Importer(815301076,1909f56bfc062723c751e8b465ee728b)
Start importing Assets/Medieval_pixel_art_asset_FREE/Tiles_free/Medieval_tiles_free2_138.asset using Guid(bc281a4956e6ca446a7465e3d7f45af3) Importer(815301076,1909f56bfc062723c751e8b465ee728b)  -> (artifact id: '384bd7ed3e2a01db6c4737a2bceb91ed') in 0.011144 seconds 
========================================================================
Received Import Request.
  Time since last request: 0.000020 seconds.
  path: Assets/Medieval_pixel_art_asset_FREE/Tiles_free/Medieval_tiles_free2_167.asset
  artifactKey: Guid(3706f817add42ea41b2d8188b2c2de32) Importer(815301076,1909f56bfc062723c751e8b465ee728b)
Start importing Assets/Medieval_pixel_art_asset_FREE/Tiles_free/Medieval_tiles_free2_167.asset using Guid(3706f817add42ea41b2d8188b2c2de32) Importer(815301076,1909f56bfc062723c751e8b465ee728b)  -> (artifact id: 'e26703a613ed87bbd701faecf833d759') in 0.011569 seconds 
========================================================================
Received Import Request.
  Time since last request: 0.000017 seconds.
  path: Assets/Medieval_pixel_art_asset_FREE/Tiles_free/Medieval_tiles_free2_172.asset
  artifactKey: Guid(28f9a0e7187804444a7bfd9ed00a76ec) Importer(815301076,1909f56bfc062723c751e8b465ee728b)
Start importing Assets/Medieval_pixel_art_asset_FREE/Tiles_free/Medieval_tiles_free2_172.asset using Guid(28f9a0e7187804444a7bfd9ed00a76ec) Importer(815301076,1909f56bfc062723c751e8b465ee728b)  -> (artifact id: '046da9fa2c72846e904b0fd37d6a1042') in 0.011273 seconds 
========================================================================
Received Import Request.
  Time since last request: 0.000020 seconds.
  path: Assets/Medieval_pixel_art_asset_FREE/Tiles_free/Medieval_tiles_free2_176.asset
  artifactKey: Guid(8ea73c297b68c374797183f91bcf4c57) Importer(815301076,1909f56bfc062723c751e8b465ee728b)
Start importing Assets/Medieval_pixel_art_asset_FREE/Tiles_free/Medieval_tiles_free2_176.asset using Guid(8ea73c297b68c374797183f91bcf4c57) Importer(815301076,1909f56bfc062723c751e8b465ee728b)  -> (artifact id: 'c09a797449b3eea51524badd561c8a94') in 0.011810 seconds 
========================================================================
Received Import Request.
  Time since last request: 0.000024 seconds.
  path: Assets/Medieval_pixel_art_asset_FREE/Tiles_free/Medieval_tiles_free2_143.asset
  artifactKey: Guid(0408d3241447c144c88d54a94743bc80) Importer(815301076,1909f56bfc062723c751e8b465ee728b)
Start importing Assets/Medieval_pixel_art_asset_FREE/Tiles_free/Medieval_tiles_free2_143.asset using Guid(0408d3241447c144c88d54a94743bc80) Importer(815301076,1909f56bfc062723c751e8b465ee728b)  -> (artifact id: 'e263d1bb4fb06bf979297b2fd13e9e45') in 0.010932 seconds 
========================================================================
Received Import Request.
  Time since last request: 0.000022 seconds.
  path: Assets/Medieval_pixel_art_asset_FREE/Tiles_free/Medieval_tiles_free2_160.asset
  artifactKey: Guid(50802983cb803bf44aef3f8b4d1bd335) Importer(815301076,1909f56bfc062723c751e8b465ee728b)
Start importing Assets/Medieval_pixel_art_asset_FREE/Tiles_free/Medieval_tiles_free2_160.asset using Guid(50802983cb803bf44aef3f8b4d1bd335) Importer(815301076,1909f56bfc062723c751e8b465ee728b)  -> (artifact id: '1022998f282701af1d706a26696041a4') in 0.011014 seconds 
========================================================================
Received Import Request.
  Time since last request: 0.000027 seconds.
  path: Assets/Medieval_pixel_art_asset_FREE/Tiles_free/Medieval_tiles_free2_137.asset
  artifactKey: Guid(fb7d81765c8cdb049a71dacb2483712e) Importer(815301076,1909f56bfc062723c751e8b465ee728b)
Start importing Assets/Medieval_pixel_art_asset_FREE/Tiles_free/Medieval_tiles_free2_137.asset using Guid(fb7d81765c8cdb049a71dacb2483712e) Importer(815301076,1909f56bfc062723c751e8b465ee728b)  -> (artifact id: 'd0c5d90cb1cf602e3d2085d3e40678e3') in 0.012523 seconds 
========================================================================
Received Import Request.
  Time since last request: 0.000021 seconds.
  path: Assets/Medieval_pixel_art_asset_FREE/Tiles_free/Medieval_tiles_free2_152.asset
  artifactKey: Guid(5f1ec2df8efff4a42905f989f12d1a3b) Importer(815301076,1909f56bfc062723c751e8b465ee728b)
Start importing Assets/Medieval_pixel_art_asset_FREE/Tiles_free/Medieval_tiles_free2_152.asset using Guid(5f1ec2df8efff4a42905f989f12d1a3b) Importer(815301076,1909f56bfc062723c751e8b465ee728b)  -> (artifact id: '095a77a53082f4928e3fe39a4ba4b899') in 0.011624 seconds 
========================================================================
Received Import Request.
  Time since last request: 0.000025 seconds.
  path: Assets/Medieval_pixel_art_asset_FREE/Tiles_free/Medieval_tiles_free2_126.asset
  artifactKey: Guid(ef4054ce9b9759d49a5c16d381221590) Importer(815301076,1909f56bfc062723c751e8b465ee728b)
Start importing Assets/Medieval_pixel_art_asset_FREE/Tiles_free/Medieval_tiles_free2_126.asset using Guid(ef4054ce9b9759d49a5c16d381221590) Importer(815301076,1909f56bfc062723c751e8b465ee728b)  -> (artifact id: '09b414622eda264402856fc3a195e4a7') in 0.017543 seconds 
========================================================================
Received Import Request.
  Time since last request: 0.000017 seconds.
  path: Assets/Medieval_pixel_art_asset_FREE/Tiles_free/Medieval_tiles_free2_155.asset
  artifactKey: Guid(fa17457a5ccc7d746bdad9e715199991) Importer(815301076,1909f56bfc062723c751e8b465ee728b)
Start importing Assets/Medieval_pixel_art_asset_FREE/Tiles_free/Medieval_tiles_free2_155.asset using Guid(fa17457a5ccc7d746bdad9e715199991) Importer(815301076,1909f56bfc062723c751e8b465ee728b)  -> (artifact id: '694903c3ed6cd16d13ea1d8b541cb0be') in 0.011847 seconds 
========================================================================
Received Import Request.
  Time since last request: 0.000017 seconds.
  path: Assets/Medieval_pixel_art_asset_FREE/Tiles_free/Medieval_tiles_free2_148.asset
  artifactKey: Guid(bb0127e67c3d70b4687690b8981470b5) Importer(815301076,1909f56bfc062723c751e8b465ee728b)
Start importing Assets/Medieval_pixel_art_asset_FREE/Tiles_free/Medieval_tiles_free2_148.asset using Guid(bb0127e67c3d70b4687690b8981470b5) Importer(815301076,1909f56bfc062723c751e8b465ee728b)  -> (artifact id: '785f3ce1c8995c0c34e3cbfcde06c90b') in 0.011403 seconds 
========================================================================
Received Import Request.
  Time since last request: 0.000018 seconds.
  path: Assets/Medieval_pixel_art_asset_FREE/Tiles_free/Medieval_tiles_free2_91.asset
  artifactKey: Guid(5ad159fe974c77a4bad038a286c53d4e) Importer(815301076,1909f56bfc062723c751e8b465ee728b)
Start importing Assets/Medieval_pixel_art_asset_FREE/Tiles_free/Medieval_tiles_free2_91.asset using Guid(5ad159fe974c77a4bad038a286c53d4e) Importer(815301076,1909f56bfc062723c751e8b465ee728b)  -> (artifact id: '147ccc482dc93000c6dffbbf61d5c8e3') in 0.011084 seconds 
========================================================================
Received Import Request.
  Time since last request: 0.000016 seconds.
  path: Assets/Medieval_pixel_art_asset_FREE/Tiles_free/Medieval_tiles_free2_153.asset
  artifactKey: Guid(016dd1fa05139b84bb19f6093b8d47ad) Importer(815301076,1909f56bfc062723c751e8b465ee728b)
Start importing Assets/Medieval_pixel_art_asset_FREE/Tiles_free/Medieval_tiles_free2_153.asset using Guid(016dd1fa05139b84bb19f6093b8d47ad) Importer(815301076,1909f56bfc062723c751e8b465ee728b)  -> (artifact id: 'b0c7b8f7f9be83ed588afe0e82d6b188') in 0.012074 seconds 
========================================================================
Received Import Request.
  Time since last request: 0.000016 seconds.
  path: Assets/Medieval_pixel_art_asset_FREE/Tiles_free/Medieval_tiles_free2_163.asset
  artifactKey: Guid(61cbf282f89f81847a4713719f690a60) Importer(815301076,1909f56bfc062723c751e8b465ee728b)
Start importing Assets/Medieval_pixel_art_asset_FREE/Tiles_free/Medieval_tiles_free2_163.asset using Guid(61cbf282f89f81847a4713719f690a60) Importer(815301076,1909f56bfc062723c751e8b465ee728b)  -> (artifact id: '27f5fceb127f68e2847f9a952241eba0') in 0.011836 seconds 
========================================================================
Received Import Request.
  Time since last request: 0.000016 seconds.
  path: Assets/Medieval_pixel_art_asset_FREE/Tiles_free/Medieval_tiles_free2_146.asset
  artifactKey: Guid(49d60429b2715d5449208de189f01bb6) Importer(815301076,1909f56bfc062723c751e8b465ee728b)
Start importing Assets/Medieval_pixel_art_asset_FREE/Tiles_free/Medieval_tiles_free2_146.asset using Guid(49d60429b2715d5449208de189f01bb6) Importer(815301076,1909f56bfc062723c751e8b465ee728b)  -> (artifact id: 'babf379e3a54e19d5dbc101855ecd416') in 0.012067 seconds 
========================================================================
Received Import Request.
  Time since last request: 0.000016 seconds.
  path: Assets/Medieval_pixel_art_asset_FREE/Tiles_free/Medieval_tiles_free2_86.asset
  artifactKey: Guid(9f8d2f8f63cd53f4f98df92d3d4fd57c) Importer(815301076,1909f56bfc062723c751e8b465ee728b)
Start importing Assets/Medieval_pixel_art_asset_FREE/Tiles_free/Medieval_tiles_free2_86.asset using Guid(9f8d2f8f63cd53f4f98df92d3d4fd57c) Importer(815301076,1909f56bfc062723c751e8b465ee728b)  -> (artifact id: 'c8a854fd45d4a37a0013832a2a6013ba') in 0.011739 seconds 
========================================================================
Received Import Request.
  Time since last request: 0.000019 seconds.
  path: Assets/Medieval_pixel_art_asset_FREE/Tiles_free/Medieval_tiles_free2_111.asset
  artifactKey: Guid(7822fd69407e377479774b422528aba3) Importer(815301076,1909f56bfc062723c751e8b465ee728b)
Start importing Assets/Medieval_pixel_art_asset_FREE/Tiles_free/Medieval_tiles_free2_111.asset using Guid(7822fd69407e377479774b422528aba3) Importer(815301076,1909f56bfc062723c751e8b465ee728b)  -> (artifact id: '21a43a9acd3e05deddc7cf8e895891c7') in 0.011817 seconds 
========================================================================
Received Import Request.
  Time since last request: 0.000022 seconds.
  path: Assets/Medieval_pixel_art_asset_FREE/Tiles_free/Medieval_tiles_free2_94.asset
  artifactKey: Guid(afdf70666c9d9584aa92fb7d5195f52a) Importer(815301076,1909f56bfc062723c751e8b465ee728b)
Start importing Assets/Medieval_pixel_art_asset_FREE/Tiles_free/Medieval_tiles_free2_94.asset using Guid(afdf70666c9d9584aa92fb7d5195f52a) Importer(815301076,1909f56bfc062723c751e8b465ee728b)  -> (artifact id: 'b17290ec6fede042f60177b6d0d17685') in 0.013968 seconds 
========================================================================
Received Import Request.
  Time since last request: 8.065565 seconds.
  path: Assets/Medieval_pixel_art_asset_FREE/Prefabs/Props_free/Medieval_props_free_1.prefab
  artifactKey: Guid(5808ca7cfa9bad240b1c2c52003f4817) Importer(815301076,1909f56bfc062723c751e8b465ee728b)
Start importing Assets/Medieval_pixel_art_asset_FREE/Prefabs/Props_free/Medieval_props_free_1.prefab using Guid(5808ca7cfa9bad240b1c2c52003f4817) Importer(815301076,1909f56bfc062723c751e8b465ee728b)  -> (artifact id: '3fec1066ee6100cca1a537534ec8299e') in 0.013123 seconds 
========================================================================
Received Import Request.
  Time since last request: 0.000020 seconds.
  path: Assets/Medieval_pixel_art_asset_FREE/Prefabs/Props_free/Medieval_props_free_8.prefab
  artifactKey: Guid(bff18508c0a59f948ac193210aa13f92) Importer(815301076,1909f56bfc062723c751e8b465ee728b)
Start importing Assets/Medieval_pixel_art_asset_FREE/Prefabs/Props_free/Medieval_props_free_8.prefab using Guid(bff18508c0a59f948ac193210aa13f92) Importer(815301076,1909f56bfc062723c751e8b465ee728b)  -> (artifact id: 'ea0c7fe17108b108fb257b85ad13b4ce') in 0.011520 seconds 
========================================================================
Received Import Request.
  Time since last request: 0.000019 seconds.
  path: Assets/Medieval_pixel_art_asset_FREE/Prefabs/Props_free/Medieval_props_free_14.prefab
  artifactKey: Guid(573f2969d3071a44fa563048fb3422d8) Importer(815301076,1909f56bfc062723c751e8b465ee728b)
Start importing Assets/Medieval_pixel_art_asset_FREE/Prefabs/Props_free/Medieval_props_free_14.prefab using Guid(573f2969d3071a44fa563048fb3422d8) Importer(815301076,1909f56bfc062723c751e8b465ee728b)  -> (artifact id: '5cdbc36a13de234a6a65bdc43024f028') in 0.011774 seconds 
========================================================================
Received Import Request.
  Time since last request: 0.000018 seconds.
  path: Assets/Medieval_pixel_art_asset_FREE/Prefabs/Props_free/Medieval_props_free_4.prefab
  artifactKey: Guid(5f00a24494233a242bb7397e971a1e7f) Importer(815301076,1909f56bfc062723c751e8b465ee728b)
Start importing Assets/Medieval_pixel_art_asset_FREE/Prefabs/Props_free/Medieval_props_free_4.prefab using Guid(5f00a24494233a242bb7397e971a1e7f) Importer(815301076,1909f56bfc062723c751e8b465ee728b)  -> (artifact id: '4b8543b53b05551f8302c3473ec0982f') in 0.011650 seconds 
========================================================================
Received Import Request.
  Time since last request: 0.000023 seconds.
  path: Assets/Medieval_pixel_art_asset_FREE/Prefabs/Props_free/Medieval_props_free_13.prefab
  artifactKey: Guid(dd6c6c0f2cff23a488ed09ad8ab8c2dc) Importer(815301076,1909f56bfc062723c751e8b465ee728b)
Start importing Assets/Medieval_pixel_art_asset_FREE/Prefabs/Props_free/Medieval_props_free_13.prefab using Guid(dd6c6c0f2cff23a488ed09ad8ab8c2dc) Importer(815301076,1909f56bfc062723c751e8b465ee728b)  -> (artifact id: '33f92d7646373ad3717953328a9c8a47') in 0.012989 seconds 
========================================================================
Received Import Request.
  Time since last request: 0.000018 seconds.
  path: Assets/Medieval_pixel_art_asset_FREE/Prefabs/Props_free/Medieval_props_free_12.prefab
  artifactKey: Guid(aea2031baec57684c94b0cb1a902dd8b) Importer(815301076,1909f56bfc062723c751e8b465ee728b)
Start importing Assets/Medieval_pixel_art_asset_FREE/Prefabs/Props_free/Medieval_props_free_12.prefab using Guid(aea2031baec57684c94b0cb1a902dd8b) Importer(815301076,1909f56bfc062723c751e8b465ee728b)  -> (artifact id: 'b8bb9acc481cd8e6cce6dbb5e4d61cba') in 0.012762 seconds 
========================================================================
Received Import Request.
  Time since last request: 0.000024 seconds.
  path: Assets/Medieval_pixel_art_asset_FREE/Prefabs/Props_free/Medieval_props_free_21.prefab
  artifactKey: Guid(71cce0e18cda5cf41922fd12f108ed51) Importer(815301076,1909f56bfc062723c751e8b465ee728b)
Start importing Assets/Medieval_pixel_art_asset_FREE/Prefabs/Props_free/Medieval_props_free_21.prefab using Guid(71cce0e18cda5cf41922fd12f108ed51) Importer(815301076,1909f56bfc062723c751e8b465ee728b)  -> (artifact id: '04c864464a65a179b2333fb263feced7') in 0.014041 seconds 
========================================================================
Received Import Request.
  Time since last request: 0.000023 seconds.
  path: Assets/Medieval_pixel_art_asset_FREE/Prefabs/Props_free/Medieval_props_free_17.prefab
  artifactKey: Guid(00d91d3ed31c0374a879d29df69e584c) Importer(815301076,1909f56bfc062723c751e8b465ee728b)
Start importing Assets/Medieval_pixel_art_asset_FREE/Prefabs/Props_free/Medieval_props_free_17.prefab using Guid(00d91d3ed31c0374a879d29df69e584c) Importer(815301076,1909f56bfc062723c751e8b465ee728b)  -> (artifact id: '399ff87004f8f04a96beed32784145d8') in 0.014059 seconds 
Editor requested this worker to shutdown with reason: Scaling down because of idle timeout
AssetImportWorker is now disconnected from the server
Process exiting
Exiting without the bug reporter. Application will terminate with return code 0